#
# A fatal error has been detected by the Java Runtime Environment:
#
#  EXCEPTION_ACCESS_VIOLATION (0xc0000005) at pc=0x00007ffc5f7af7cb, pid=14012, tid=1188
#
# JRE version: OpenJDK Runtime Environment (15.0.1+9) (build 15.0.1+9-18)
# Java VM: OpenJDK 64-Bit Server VM (15.0.1+9-18, mixed mode, sharing, tiered, compressed oops, g1 gc, windows-amd64)
# Problematic frame:
# V  [jvm.dll+0x2cf7cb]
#
# No core dump will be written. Minidumps are not enabled by default on client versions of Windows
#
# If you would like to submit a bug report, please visit:
#   https://bugreport.java.com/bugreport/crash.jsp
#

---------------  S U M M A R Y ------------

Command Line: -javaagent:C:\Program Files\JetBrains\IntelliJ IDEA Community Edition 2020.3.2\lib\idea_rt.jar=58652:C:\Program Files\JetBrains\IntelliJ IDEA Community Edition 2020.3.2\bin -Dfile.encoding=UTF-8 LuckyWoodcutter

Host: AMD Ryzen 7 2700X Eight-Core Processor         , 16 cores, 15G,  Windows 10 , 64 bit Build 19041 (10.0.19041.928)
Time: Fri May  7 11:15:43 2021 RTZ 4 (зима) elapsed time: 11.761624 seconds (0d 0h 0m 11s)

---------------  T H R E A D  ---------------

Current thread (0x0000021f239864e0):  GCTaskThread "GC Thread#2" [stack: 0x000000a8b8000000,0x000000a8b8100000] [id=1188]

Stack: [0x000000a8b8000000,0x000000a8b8100000],  sp=0x000000a8b80ff4c0,  free space=1021k
Native frames: (J=compiled Java code, j=interpreted, Vv=VM code, C=native code)
V  [jvm.dll+0x2cf7cb]
V  [jvm.dll+0x2d20fa]
V  [jvm.dll+0x2ab627]
V  [jvm.dll+0x2a64b1]
V  [jvm.dll+0x2a6aa9]
V  [jvm.dll+0x2a6ba7]
V  [jvm.dll+0x2acd0d]
V  [jvm.dll+0x7adba0]
V  [jvm.dll+0x73d65a]
V  [jvm.dll+0x629c56]
C  [ucrtbase.dll+0x21bb2]
C  [KERNEL32.DLL+0x17034]
C  [ntdll.dll+0x52651]


siginfo: EXCEPTION_ACCESS_VIOLATION (0xc0000005), reading address 0x0000000000000400


Register to memory mapping:

RIP=0x00007ffc5f7af7cb jvm.dll
RAX=0x0000021f7cbeaf74 points into unknown readable memory: 00 00 00 00
RBX=0x00000007078bb1f1 is pointing into object: worldObjects.destructibleObject.Tree 
{0x00000007078bb1d8} - klass: 'worldObjects/destructibleObject/Tree'
RCX=0x0 is NULL
RDX=0x0 is NULL
RSP=0x000000a8b80ff4c0 points into unknown readable memory: 0x0000000707a7a200 | 00 a2 a7 07 07 00 00 00
RBP=0x0000021f2485c290 points into unknown readable memory: 0x00007ffc5fd6a628 | 28 a6 d6 5f fc 7f 00 00
RSI=0x0000000000000190 is an unknown value
RDI=0x00000007078bb1f0 is pointing into object: worldObjects.destructibleObject.Tree 
{0x00000007078bb1d8} - klass: 'worldObjects/destructibleObject/Tree'
R8 =0x00000007078bb1f8 is an oop: utils.Point 
{0x00000007078bb1f8} - klass: 'utils/Point'
R9 =0x0 is NULL
R10=0x0000000000000400 is an unknown value
R11=0x0000000707851e70 is an oop: [Ljava.util.HashMap$Node; 
{0x0000000707851e70} - klass: 'java/util/HashMap$Node'[]
 - length: 512
R12=0x0 is NULL
R13=0x0 is NULL
R14=0x0000021f7cbbba30 points into unknown readable memory: 0x000017d800001a27 | 27 1a 00 00 d8 17 00 00
R15=0x0000000000001a27 is an unknown value


Registers:
RAX=0x0000021f7cbeaf74, RBX=0x00000007078bb1f1, RCX=0x0000000000000000, RDX=0x0000000000000000
RSP=0x000000a8b80ff4c0, RBP=0x0000021f2485c290, RSI=0x0000000000000190, RDI=0x00000007078bb1f0
R8 =0x00000007078bb1f8, R9 =0x0000000000000000, R10=0x0000000000000400, R11=0x0000000707851e70
R12=0x0000000000000000, R13=0x0000000000000000, R14=0x0000021f7cbbba30, R15=0x0000000000001a27
RIP=0x00007ffc5f7af7cb, EFLAGS=0x0000000000010246

Top of Stack: (sp=0x000000a8b80ff4c0)
0x000000a8b80ff4c0:   0000000707a7a200 0000021f24850001
0x000000a8b80ff4d0:   0000000000000190 0000000707869680
0x000000a8b80ff4e0:   000017d800001a19 000017d700001a19
0x000000a8b80ff4f0:   00000007078b8a90 0000021f2485c290
0x000000a8b80ff500:   00000007078b0001 0000000000000190
0x000000a8b80ff510:   000000000000000c 000000000000015e
0x000000a8b80ff520:   000000a8b80ff6a0 0000000000000002
0x000000a8b80ff530:   0000000000000000 0000021f7cbab850
0x000000a8b80ff540:   0000021f2485c290 00007ffc5f7b20fa
0x000000a8b80ff550:   0000000000000001 0000000000000000
0x000000a8b80ff560:   0000000707869680 00000000000000fa
0x000000a8b80ff570:   0000000707851e70 00007ffc5f78b627
0x000000a8b80ff580:   0000021f2485c290 0000021f7cbab850
0x000000a8b80ff590:   0000000000000190 0000000707851e70
0x000000a8b80ff5a0:   0000021f25395c80 0000021f2485c290
0x000000a8b80ff5b0:   000000a8b70fee00 000000a8b80ff630 

Instructions: (pc=0x00007ffc5f7af7cb)
0x00007ffc5f7af6cb:   00 00 00 00 00 48 8b 5d 10 44 8b bb 80 00 00 00
0x00007ffc5f7af6db:   4c 8d b3 00 01 00 00 41 8b 06 41 8b cf 2b c8 81
0x00007ffc5f7af6eb:   e1 ff ff 01 00 41 3b cc 0f 86 d2 03 00 00 41 ff
0x00007ffc5f7af6fb:   cf 41 81 e7 ff ff 01 00 44 89 bb 80 00 00 00 e8
0x00007ffc5f7af70b:   e1 d0 34 00 41 8b 06 41 8b cf 48 8b 9b 80 01 00
0x00007ffc5f7af71b:   00 2b c8 81 e1 ff ff 01 00 81 f9 ff ff 01 00 4a
0x00007ffc5f7af72b:   8b 1c fb 41 0f 44 cd 85 c9 75 46 49 8b 06 48 8b
0x00007ffc5f7af73b:   f8 48 89 44 24 28 48 c1 e8 20 ff c0 44 89 7c 24
0x00007ffc5f7af74b:   20 89 44 24 24 48 8b 74 24 20 44 3b ff 0f 85 67
0x00007ffc5f7af75b:   03 00 00 48 8b 05 33 5c 74 00 4c 8b c7 49 8b d6
0x00007ffc5f7af76b:   48 8b ce ff d0 48 3b c7 0f 85 4c 03 00 00 41 8b
0x00007ffc5f7af77b:   06 f6 c3 01 0f 84 45 01 00 00 8b 0d 85 c2 72 00
0x00007ffc5f7af78b:   48 8d 7b ff 48 8b 45 08 44 8b 17 49 d3 e2 4c 03
0x00007ffc5f7af79b:   15 68 c2 72 00 8b 88 48 04 00 00 49 8b d2 48 8b
0x00007ffc5f7af7ab:   80 38 04 00 00 48 d3 ea 0f b7 0c 50 66 89 8c 24
0x00007ffc5f7af7bb:   98 00 00 00 66 c1 e9 08 84 c9 0f 88 05 ff ff ff
0x00007ffc5f7af7cb:   4d 8b 02 41 0f b6 c0 24 03 3c 03 75 1e 44 38 2d
0x00007ffc5f7af7db:   63 38 7b 00 74 0f 41 0f b6 c0 24 07 3c 05 75 05
0x00007ffc5f7af7eb:   4d 8b c5 eb 1f 49 83 e0 fc eb 19 0f b7 94 24 98
0x00007ffc5f7af7fb:   00 00 00 4d 8b c8 4d 8b c2 48 8b cd e8 74 1d 00
0x00007ffc5f7af80b:   00 4c 8b c0 8b 0d fb c1 72 00 49 8b d0 48 2b 15
0x00007ffc5f7af81b:   e9 c1 72 00 48 d3 ea 89 17 49 8b d0 8b 0d b3 41
0x00007ffc5f7af82b:   7b 00 48 33 d7 48 d3 ea 48 85 d2 0f 84 94 fe ff
0x00007ffc5f7af83b:   ff 48 8b 45 08 48 8b d7 48 8b 80 00 01 00 00 8b
0x00007ffc5f7af84b:   48 68 48 8b 40 58 48 d3 ea 48 8b 0c d0 8b 81 cc
0x00007ffc5f7af85b:   00 00 00 d1 e8 a8 01 0f 85 68 fe ff ff 48 8b 45
0x00007ffc5f7af86b:   08 8b 88 48 04 00 00 48 8b 80 38 04 00 00 49 d3
0x00007ffc5f7af87b:   e8 46 38 2c 40 0f 84 4a fe ff ff 48 8b 85 80 00
0x00007ffc5f7af88b:   00 00 48 c1 ef 09 48 8b 58 48 48 8b 50 40 48 03
0x00007ffc5f7af89b:   df 48 2b da 48 39 9d d0 01 00 00 0f 84 24 fe ff
0x00007ffc5f7af8ab:   ff 44 38 6d 28 48 8d 4d 18 74 08 48 03 d3 e8 a2
0x00007ffc5f7af8bb:   e9 39 00 48 89 9d d0 01 00 00 e9 06 fe ff ff f6 


Stack slot to memory mapping:
stack at sp + 0 slots: 0x0000000707a7a200 is an oop: java.util.HashMap$Node 
{0x0000000707a7a200} - klass: 'java/util/HashMap$Node'
stack at sp + 1 slots: 0x0000021f24850001 is an unknown value
stack at sp + 2 slots: 0x0000000000000190 is an unknown value
stack at sp + 3 slots: 0x0000000707869680 is an oop: [Ljava.util.Hashtable$Entry; 
{0x0000000707869680} - klass: 'java/util/Hashtable$Entry'[]
 - length: 767
stack at sp + 4 slots: 0x000017d800001a19 is an unknown value
stack at sp + 5 slots: 0x000017d700001a19 is an unknown value
stack at sp + 6 slots: 0x00000007078b8a90 is pointing into object: java.awt.Toolkit$SelectiveAWTEventListener 
{0x00000007078b8a78} - klass: 'java/awt/Toolkit$SelectiveAWTEventListener'
stack at sp + 7 slots: 0x0000021f2485c290 points into unknown readable memory: 0x00007ffc5fd6a628 | 28 a6 d6 5f fc 7f 00 00


---------------  P R O C E S S  ---------------

Threads class SMR info:
_java_thread_list=0x0000021f25939f30, length=18, elements={
0x0000021f22e60d80, 0x0000021f22e61950, 0x0000021f22e7e390, 0x0000021f22e82d70,
0x0000021f22e84830, 0x0000021f22e856c0, 0x0000021f22e89760, 0x0000021f22e8c940,
0x0000021f238105c0, 0x0000021f23908be0, 0x0000021f239090b0, 0x0000021f24147aa0,
0x0000021f23da47e0, 0x0000021f242d4ad0, 0x0000021f2528d400, 0x0000021f2528c0c0,
0x0000021f2528bbf0, 0x0000021f2528e740
}

Java Threads: ( => current thread )
  0x0000021f22e60d80 JavaThread "Reference Handler" daemon [_thread_blocked, id=5000, stack(0x000000a8b7100000,0x000000a8b7200000)]
  0x0000021f22e61950 JavaThread "Finalizer" daemon [_thread_blocked, id=708, stack(0x000000a8b7200000,0x000000a8b7300000)]
  0x0000021f22e7e390 JavaThread "Signal Dispatcher" daemon [_thread_blocked, id=13036, stack(0x000000a8b7300000,0x000000a8b7400000)]
  0x0000021f22e82d70 JavaThread "Attach Listener" daemon [_thread_blocked, id=11804, stack(0x000000a8b7400000,0x000000a8b7500000)]
  0x0000021f22e84830 JavaThread "Service Thread" daemon [_thread_blocked, id=6464, stack(0x000000a8b7500000,0x000000a8b7600000)]
  0x0000021f22e856c0 JavaThread "C2 CompilerThread0" daemon [_thread_blocked, id=7680, stack(0x000000a8b7600000,0x000000a8b7700000)]
  0x0000021f22e89760 JavaThread "C1 CompilerThread0" daemon [_thread_blocked, id=7924, stack(0x000000a8b7700000,0x000000a8b7800000)]
  0x0000021f22e8c940 JavaThread "Sweeper thread" daemon [_thread_blocked, id=14308, stack(0x000000a8b7800000,0x000000a8b7900000)]
  0x0000021f238105c0 JavaThread "Common-Cleaner" daemon [_thread_blocked, id=1804, stack(0x000000a8b7900000,0x000000a8b7a00000)]
  0x0000021f23908be0 JavaThread "Monitor Ctrl-Break" daemon [_thread_in_native, id=13832, stack(0x000000a8b7c00000,0x000000a8b7d00000)]
  0x0000021f239090b0 JavaThread "Notification Thread" daemon [_thread_blocked, id=8764, stack(0x000000a8b7d00000,0x000000a8b7e00000)]
  0x0000021f24147aa0 JavaThread "Java2D Disposer" daemon [_thread_blocked, id=6052, stack(0x000000a8b7b00000,0x000000a8b7c00000)]
  0x0000021f23da47e0 JavaThread "AWT-Shutdown" [_thread_blocked, id=7052, stack(0x000000a8b8400000,0x000000a8b8500000)]
  0x0000021f242d4ad0 JavaThread "AWT-Windows" daemon [_thread_blocked, id=3184, stack(0x000000a8b8500000,0x000000a8b8600000)]
  0x0000021f2528d400 JavaThread "AWT-EventQueue-0" [_thread_blocked, id=6276, stack(0x000000a8b8800000,0x000000a8b8900000)]
  0x0000021f2528c0c0 JavaThread "GameThread" [_thread_blocked, id=9416, stack(0x000000a8b8900000,0x000000a8b8a00000)]
  0x0000021f2528bbf0 JavaThread "DestroyJavaVM" [_thread_blocked, id=11536, stack(0x000000a8b6a00000,0x000000a8b6b00000)]
  0x0000021f2528e740 JavaThread "D3D Screen Updater" daemon [_thread_blocked, id=6956, stack(0x000000a8b8a00000,0x000000a8b8b00000)]

Other Threads:
  0x0000021f22e5b4e0 VMThread "VM Thread" [stack: 0x000000a8b7000000,0x000000a8b7100000] [id=4980]
  0x0000021f7cba06a0 WatcherThread [stack: 0x000000a8b7e00000,0x000000a8b7f00000] [id=10624]
  0x0000021f7cbf3870 GCTaskThread "GC Thread#0" [stack: 0x000000a8b6b00000,0x000000a8b6c00000] [id=7504]
  0x0000021f23989180 GCTaskThread "GC Thread#1" [stack: 0x000000a8b7f00000,0x000000a8b8000000] [id=5004]
=>0x0000021f239864e0 GCTaskThread "GC Thread#2" [stack: 0x000000a8b8000000,0x000000a8b8100000] [id=1188]
  0x0000021f239887f0 GCTaskThread "GC Thread#3" [stack: 0x000000a8b8100000,0x000000a8b8200000] [id=14040]
  0x0000021f23988b20 GCTaskThread "GC Thread#4" [stack: 0x000000a8b8200000,0x000000a8b8300000] [id=11452]
  0x0000021f23988190 GCTaskThread "GC Thread#5" [stack: 0x000000a8b8300000,0x000000a8b8400000] [id=10096]
  0x0000021f239897e0 GCTaskThread "GC Thread#6" [stack: 0x000000a8b8c00000,0x000000a8b8d00000] [id=10576]
  0x0000021f239874d0 GCTaskThread "GC Thread#7" [stack: 0x000000a8b8d00000,0x000000a8b8e00000] [id=10964]
  0x0000021f7cc04900 ConcurrentGCThread "G1 Main Marker" [stack: 0x000000a8b6c00000,0x000000a8b6d00000] [id=10000]
  0x0000021f7cc05c90 ConcurrentGCThread "G1 Conc#0" [stack: 0x000000a8b6d00000,0x000000a8b6e00000] [id=12988]
  0x0000021f22d540f0 ConcurrentGCThread "G1 Refine#0" [stack: 0x000000a8b6e00000,0x000000a8b6f00000] [id=7788]
  0x0000021f22d54cf0 ConcurrentGCThread "G1 Young RemSet Sampling" [stack: 0x000000a8b6f00000,0x000000a8b7000000] [id=11356]

Threads with active compile tasks:

VM state: at safepoint (normal execution)

VM Mutex/Monitor currently owned by a thread:  ([mutex/lock_event])
[0x0000021f7cb9ab10] Threads_lock - owner thread: 0x0000021f22e5b4e0
[0x0000021f7cb9acc0] Heap_lock - owner thread: 0x0000021f2528d400

Heap address: 0x0000000700c00000, size: 4084 MB, Compressed Oops mode: Zero based, Oop shift amount: 3
CDS archive(s) mapped at: [0x0000000800000000-0x0000000800b50000-0x0000000800b50000), size 11862016, SharedBaseAddress: 0x0000000800000000, ArchiveRelocationMode: 0.
Compressed class space mapped at: 0x0000000800b50000-0x0000000840b50000, size: 1073741824
Narrow klass base: 0x0000000800000000, Narrow klass shift: 3, Narrow klass range: 0x100000000

GC Precious Log:
 CPUs: 16 total, 16 available
 Memory: 16332M
 Large Page Support: Disabled
 NUMA Support: Disabled
 Compressed Oops: Enabled (Zero based)
 Heap Region Size: 2M
 Heap Min Capacity: 8M
 Heap Initial Capacity: 256M
 Heap Max Capacity: 4084M
 Pre-touch: Disabled
 Parallel Workers: 13
 Concurrent Workers: 3
 Concurrent Refinement Workers: 13
 Periodic GC: Disabled

Heap:
 garbage-first heap   total 262144K, used 191158K [0x0000000700c00000, 0x0000000800000000)
  region size 2048K, 76 young (155648K), 4 survivors (8192K)
 Metaspace       used 9240K, capacity 9474K, committed 9728K, reserved 1058816K
  class space    used 927K, capacity 983K, committed 1024K, reserved 1048576K

Heap Regions: E=young(eden), S=young(survivor), O=old, HS=humongous(starts), HC=humongous(continues), CS=collection set, F=free, OA=open archive, CA=closed archive, TAMS=top-at-mark-start (previous, next)
|   0|0x0000000700c00000, 0x0000000700e00000, 0x0000000700e00000|100%| O|  |TAMS 0x0000000700c00000, 0x0000000700c00000| Untracked 
|   1|0x0000000700e00000, 0x0000000701000000, 0x0000000701000000|100%|HS|  |TAMS 0x0000000700e00000, 0x0000000700e00000| Complete 
|   2|0x0000000701000000, 0x0000000701200000, 0x0000000701200000|100%|HS|  |TAMS 0x0000000701000000, 0x0000000701000000| Complete 
|   3|0x0000000701200000, 0x0000000701400000, 0x0000000701400000|100%|HS|  |TAMS 0x0000000701200000, 0x0000000701200000| Complete 
|   4|0x0000000701400000, 0x0000000701600000, 0x0000000701600000|100%|HS|  |TAMS 0x0000000701400000, 0x0000000701400000| Complete 
|   5|0x0000000701600000, 0x0000000701800000, 0x0000000701800000|100%|HS|  |TAMS 0x0000000701600000, 0x0000000701600000| Complete 
|   6|0x0000000701800000, 0x0000000701a00000, 0x0000000701a00000|100%|HS|  |TAMS 0x0000000701800000, 0x0000000701800000| Complete 
|   7|0x0000000701a00000, 0x0000000701c00000, 0x0000000701c00000|100%|HC|  |TAMS 0x0000000701a00000, 0x0000000701a00000| Complete 
|   8|0x0000000701c00000, 0x0000000701e00000, 0x0000000701e00000|100%|HC|  |TAMS 0x0000000701c00000, 0x0000000701c00000| Complete 
|   9|0x0000000701e00000, 0x0000000702000000, 0x0000000702000000|100%|HS|  |TAMS 0x0000000701e00000, 0x0000000701e00000| Complete 
|  10|0x0000000702000000, 0x0000000702200000, 0x0000000702200000|100%|HS|  |TAMS 0x0000000702000000, 0x0000000702000000| Complete 
|  11|0x0000000702200000, 0x0000000702400000, 0x0000000702400000|100%|HS|  |TAMS 0x0000000702200000, 0x0000000702200000| Complete 
|  12|0x0000000702400000, 0x0000000702600000, 0x0000000702600000|100%|HS|  |TAMS 0x0000000702400000, 0x0000000702400000| Complete 
|  13|0x0000000702600000, 0x0000000702800000, 0x0000000702800000|100%|HS|  |TAMS 0x0000000702600000, 0x0000000702600000| Complete 
|  14|0x0000000702800000, 0x0000000702a00000, 0x0000000702a00000|100%|HS|  |TAMS 0x0000000702800000, 0x0000000702800000| Complete 
|  15|0x0000000702a00000, 0x0000000702c00000, 0x0000000702c00000|100%| O|  |TAMS 0x0000000702a00000, 0x0000000702a00000| Untracked 
|  16|0x0000000702c00000, 0x0000000702e00000, 0x0000000702e00000|100%| O|  |TAMS 0x0000000702c00000, 0x0000000702c00000| Untracked 
|  17|0x0000000702e00000, 0x0000000703000000, 0x0000000703000000|100%| O|  |TAMS 0x0000000702e00000, 0x0000000702e00000| Untracked 
|  18|0x0000000703000000, 0x00000007030b0a00, 0x0000000703200000| 34%| O|  |TAMS 0x0000000703000000, 0x0000000703000000| Untracked 
|  19|0x0000000703200000, 0x0000000703200000, 0x0000000703400000|  0%| F|  |TAMS 0x0000000703200000, 0x0000000703200000| Untracked 
|  20|0x0000000703400000, 0x0000000703400000, 0x0000000703600000|  0%| F|  |TAMS 0x0000000703400000, 0x0000000703400000| Untracked 
|  21|0x0000000703600000, 0x0000000703600000, 0x0000000703800000|  0%| F|  |TAMS 0x0000000703600000, 0x0000000703600000| Untracked 
|  22|0x0000000703800000, 0x0000000703800000, 0x0000000703a00000|  0%| F|  |TAMS 0x0000000703800000, 0x0000000703800000| Untracked 
|  23|0x0000000703a00000, 0x0000000703a00000, 0x0000000703c00000|  0%| F|  |TAMS 0x0000000703a00000, 0x0000000703a00000| Untracked 
|  24|0x0000000703c00000, 0x0000000703c00000, 0x0000000703e00000|  0%| F|  |TAMS 0x0000000703c00000, 0x0000000703c00000| Untracked 
|  25|0x0000000703e00000, 0x0000000703e00000, 0x0000000704000000|  0%| F|  |TAMS 0x0000000703e00000, 0x0000000703e00000| Untracked 
|  26|0x0000000704000000, 0x0000000704000000, 0x0000000704200000|  0%| F|  |TAMS 0x0000000704000000, 0x0000000704000000| Untracked 
|  27|0x0000000704200000, 0x0000000704200000, 0x0000000704400000|  0%| F|  |TAMS 0x0000000704200000, 0x0000000704200000| Untracked 
|  28|0x0000000704400000, 0x0000000704400000, 0x0000000704600000|  0%| F|  |TAMS 0x0000000704400000, 0x0000000704400000| Untracked 
|  29|0x0000000704600000, 0x0000000704600000, 0x0000000704800000|  0%| F|  |TAMS 0x0000000704600000, 0x0000000704600000| Untracked 
|  30|0x0000000704800000, 0x0000000704800000, 0x0000000704a00000|  0%| F|  |TAMS 0x0000000704800000, 0x0000000704800000| Untracked 
|  31|0x0000000704a00000, 0x0000000704a00000, 0x0000000704c00000|  0%| F|  |TAMS 0x0000000704a00000, 0x0000000704a00000| Untracked 
|  32|0x0000000704c00000, 0x0000000704c00000, 0x0000000704e00000|  0%| F|  |TAMS 0x0000000704c00000, 0x0000000704c00000| Untracked 
|  33|0x0000000704e00000, 0x0000000704e00000, 0x0000000705000000|  0%| F|  |TAMS 0x0000000704e00000, 0x0000000704e00000| Untracked 
|  34|0x0000000705000000, 0x0000000705000000, 0x0000000705200000|  0%| F|  |TAMS 0x0000000705000000, 0x0000000705000000| Untracked 
|  35|0x0000000705200000, 0x0000000705200000, 0x0000000705400000|  0%| F|  |TAMS 0x0000000705200000, 0x0000000705200000| Untracked 
|  36|0x0000000705400000, 0x0000000705400000, 0x0000000705600000|  0%| F|  |TAMS 0x0000000705400000, 0x0000000705400000| Untracked 
|  37|0x0000000705600000, 0x0000000705600000, 0x0000000705800000|  0%| F|  |TAMS 0x0000000705600000, 0x0000000705600000| Untracked 
|  38|0x0000000705800000, 0x0000000705800000, 0x0000000705a00000|  0%| F|  |TAMS 0x0000000705800000, 0x0000000705800000| Untracked 
|  39|0x0000000705a00000, 0x0000000705a00000, 0x0000000705c00000|  0%| F|  |TAMS 0x0000000705a00000, 0x0000000705a00000| Untracked 
|  40|0x0000000705c00000, 0x0000000705c00000, 0x0000000705e00000|  0%| F|  |TAMS 0x0000000705c00000, 0x0000000705c00000| Untracked 
|  41|0x0000000705e00000, 0x0000000705e00000, 0x0000000706000000|  0%| F|  |TAMS 0x0000000705e00000, 0x0000000705e00000| Untracked 
|  42|0x0000000706000000, 0x0000000706000000, 0x0000000706200000|  0%| F|  |TAMS 0x0000000706000000, 0x0000000706000000| Untracked 
|  43|0x0000000706200000, 0x0000000706200000, 0x0000000706400000|  0%| F|  |TAMS 0x0000000706200000, 0x0000000706200000| Untracked 
|  44|0x0000000706400000, 0x0000000706400000, 0x0000000706600000|  0%| F|  |TAMS 0x0000000706400000, 0x0000000706400000| Untracked 
|  45|0x0000000706600000, 0x0000000706600000, 0x0000000706800000|  0%| F|  |TAMS 0x0000000706600000, 0x0000000706600000| Untracked 
|  46|0x0000000706800000, 0x0000000706800000, 0x0000000706a00000|  0%| F|  |TAMS 0x0000000706800000, 0x0000000706800000| Untracked 
|  47|0x0000000706a00000, 0x0000000706a00000, 0x0000000706c00000|  0%| F|  |TAMS 0x0000000706a00000, 0x0000000706a00000| Untracked 
|  48|0x0000000706c00000, 0x0000000706d3c260, 0x0000000706e00000| 61%| S|  |TAMS 0x0000000706c00000, 0x0000000706c00000| Complete 
|  49|0x0000000706e00000, 0x0000000706e3d120, 0x0000000707000000| 11%| E|CS|TAMS 0x0000000706e00000, 0x0000000706e00000| Complete 
|  50|0x0000000707000000, 0x0000000707200000, 0x0000000707200000|100%| E|CS|TAMS 0x0000000707000000, 0x0000000707000000| Complete 
|  51|0x0000000707200000, 0x0000000707400000, 0x0000000707400000|100%| E|CS|TAMS 0x0000000707200000, 0x0000000707200000| Complete 
|  52|0x0000000707400000, 0x0000000707600000, 0x0000000707600000|100%| S|  |TAMS 0x0000000707400000, 0x0000000707400000| Complete 
|  53|0x0000000707600000, 0x0000000707800000, 0x0000000707800000|100%| S|  |TAMS 0x0000000707600000, 0x0000000707600000| Complete 
|  54|0x0000000707800000, 0x0000000707a00000, 0x0000000707a00000|100%| S|  |TAMS 0x0000000707800000, 0x0000000707800000| Complete 
|  55|0x0000000707a00000, 0x0000000707c00000, 0x0000000707c00000|100%| E|CS|TAMS 0x0000000707a00000, 0x0000000707a00000| Complete 
|  56|0x0000000707c00000, 0x0000000707dc0070, 0x0000000707e00000| 87%| E|CS|TAMS 0x0000000707c00000, 0x0000000707c00000| Complete 
|  57|0x0000000707e00000, 0x0000000708000000, 0x0000000708000000|100%| E|CS|TAMS 0x0000000707e00000, 0x0000000707e00000| Complete 
|  58|0x0000000708000000, 0x0000000708200000, 0x0000000708200000|100%| E|CS|TAMS 0x0000000708000000, 0x0000000708000000| Complete 
|  59|0x0000000708200000, 0x0000000708400000, 0x0000000708400000|100%| E|CS|TAMS 0x0000000708200000, 0x0000000708200000| Complete 
|  60|0x0000000708400000, 0x0000000708600000, 0x0000000708600000|100%| E|CS|TAMS 0x0000000708400000, 0x0000000708400000| Complete 
|  61|0x0000000708600000, 0x0000000708800000, 0x0000000708800000|100%| E|CS|TAMS 0x0000000708600000, 0x0000000708600000| Complete 
|  62|0x0000000708800000, 0x0000000708a00000, 0x0000000708a00000|100%| E|CS|TAMS 0x0000000708800000, 0x0000000708800000| Complete 
|  63|0x0000000708a00000, 0x0000000708c00000, 0x0000000708c00000|100%| E|CS|TAMS 0x0000000708a00000, 0x0000000708a00000| Complete 
|  64|0x0000000708c00000, 0x0000000708e00000, 0x0000000708e00000|100%| E|CS|TAMS 0x0000000708c00000, 0x0000000708c00000| Complete 
|  65|0x0000000708e00000, 0x0000000709000000, 0x0000000709000000|100%| E|CS|TAMS 0x0000000708e00000, 0x0000000708e00000| Complete 
|  66|0x0000000709000000, 0x0000000709200000, 0x0000000709200000|100%| E|CS|TAMS 0x0000000709000000, 0x0000000709000000| Complete 
|  67|0x0000000709200000, 0x0000000709400000, 0x0000000709400000|100%| E|CS|TAMS 0x0000000709200000, 0x0000000709200000| Complete 
|  68|0x0000000709400000, 0x0000000709600000, 0x0000000709600000|100%| E|CS|TAMS 0x0000000709400000, 0x0000000709400000| Complete 
|  69|0x0000000709600000, 0x0000000709800000, 0x0000000709800000|100%| E|CS|TAMS 0x0000000709600000, 0x0000000709600000| Complete 
|  70|0x0000000709800000, 0x0000000709a00000, 0x0000000709a00000|100%| E|CS|TAMS 0x0000000709800000, 0x0000000709800000| Complete 
|  71|0x0000000709a00000, 0x0000000709c00000, 0x0000000709c00000|100%| E|CS|TAMS 0x0000000709a00000, 0x0000000709a00000| Complete 
|  72|0x0000000709c00000, 0x0000000709e00000, 0x0000000709e00000|100%| E|CS|TAMS 0x0000000709c00000, 0x0000000709c00000| Complete 
|  73|0x0000000709e00000, 0x000000070a000000, 0x000000070a000000|100%| E|CS|TAMS 0x0000000709e00000, 0x0000000709e00000| Complete 
|  74|0x000000070a000000, 0x000000070a200000, 0x000000070a200000|100%| E|CS|TAMS 0x000000070a000000, 0x000000070a000000| Complete 
|  75|0x000000070a200000, 0x000000070a400000, 0x000000070a400000|100%| E|CS|TAMS 0x000000070a200000, 0x000000070a200000| Complete 
|  76|0x000000070a400000, 0x000000070a600000, 0x000000070a600000|100%| E|CS|TAMS 0x000000070a400000, 0x000000070a400000| Complete 
|  77|0x000000070a600000, 0x000000070a800000, 0x000000070a800000|100%| E|CS|TAMS 0x000000070a600000, 0x000000070a600000| Complete 
|  78|0x000000070a800000, 0x000000070aa00000, 0x000000070aa00000|100%| E|CS|TAMS 0x000000070a800000, 0x000000070a800000| Complete 
|  79|0x000000070aa00000, 0x000000070ac00000, 0x000000070ac00000|100%| E|CS|TAMS 0x000000070aa00000, 0x000000070aa00000| Complete 
|  80|0x000000070ac00000, 0x000000070ae00000, 0x000000070ae00000|100%| E|CS|TAMS 0x000000070ac00000, 0x000000070ac00000| Complete 
|  81|0x000000070ae00000, 0x000000070b000000, 0x000000070b000000|100%| E|CS|TAMS 0x000000070ae00000, 0x000000070ae00000| Complete 
|  82|0x000000070b000000, 0x000000070b200000, 0x000000070b200000|100%| E|CS|TAMS 0x000000070b000000, 0x000000070b000000| Complete 
|  83|0x000000070b200000, 0x000000070b400000, 0x000000070b400000|100%| E|CS|TAMS 0x000000070b200000, 0x000000070b200000| Complete 
|  84|0x000000070b400000, 0x000000070b600000, 0x000000070b600000|100%| E|CS|TAMS 0x000000070b400000, 0x000000070b400000| Complete 
|  85|0x000000070b600000, 0x000000070b800000, 0x000000070b800000|100%| E|CS|TAMS 0x000000070b600000, 0x000000070b600000| Complete 
|  86|0x000000070b800000, 0x000000070ba00000, 0x000000070ba00000|100%| E|CS|TAMS 0x000000070b800000, 0x000000070b800000| Complete 
|  87|0x000000070ba00000, 0x000000070bc00000, 0x000000070bc00000|100%| E|CS|TAMS 0x000000070ba00000, 0x000000070ba00000| Complete 
|  88|0x000000070bc00000, 0x000000070be00000, 0x000000070be00000|100%| E|CS|TAMS 0x000000070bc00000, 0x000000070bc00000| Complete 
|  89|0x000000070be00000, 0x000000070c000000, 0x000000070c000000|100%| E|CS|TAMS 0x000000070be00000, 0x000000070be00000| Complete 
|  90|0x000000070c000000, 0x000000070c200000, 0x000000070c200000|100%| E|CS|TAMS 0x000000070c000000, 0x000000070c000000| Complete 
|  91|0x000000070c200000, 0x000000070c400000, 0x000000070c400000|100%| E|CS|TAMS 0x000000070c200000, 0x000000070c200000| Complete 
|  92|0x000000070c400000, 0x000000070c600000, 0x000000070c600000|100%| E|CS|TAMS 0x000000070c400000, 0x000000070c400000| Complete 
|  93|0x000000070c600000, 0x000000070c800000, 0x000000070c800000|100%| E|CS|TAMS 0x000000070c600000, 0x000000070c600000| Complete 
|  94|0x000000070c800000, 0x000000070ca00000, 0x000000070ca00000|100%| E|CS|TAMS 0x000000070c800000, 0x000000070c800000| Complete 
|  95|0x000000070ca00000, 0x000000070cc00000, 0x000000070cc00000|100%| E|CS|TAMS 0x000000070ca00000, 0x000000070ca00000| Complete 
|  96|0x000000070cc00000, 0x000000070ce00000, 0x000000070ce00000|100%| E|CS|TAMS 0x000000070cc00000, 0x000000070cc00000| Complete 
|  97|0x000000070ce00000, 0x000000070d000000, 0x000000070d000000|100%| E|CS|TAMS 0x000000070ce00000, 0x000000070ce00000| Complete 
|  98|0x000000070d000000, 0x000000070d200000, 0x000000070d200000|100%| E|CS|TAMS 0x000000070d000000, 0x000000070d000000| Complete 
|  99|0x000000070d200000, 0x000000070d400000, 0x000000070d400000|100%| E|CS|TAMS 0x000000070d200000, 0x000000070d200000| Complete 
| 100|0x000000070d400000, 0x000000070d600000, 0x000000070d600000|100%| E|CS|TAMS 0x000000070d400000, 0x000000070d400000| Complete 
| 101|0x000000070d600000, 0x000000070d800000, 0x000000070d800000|100%| E|CS|TAMS 0x000000070d600000, 0x000000070d600000| Complete 
| 102|0x000000070d800000, 0x000000070da00000, 0x000000070da00000|100%| E|CS|TAMS 0x000000070d800000, 0x000000070d800000| Complete 
| 103|0x000000070da00000, 0x000000070dc00000, 0x000000070dc00000|100%| E|CS|TAMS 0x000000070da00000, 0x000000070da00000| Complete 
| 104|0x000000070dc00000, 0x000000070de00000, 0x000000070de00000|100%| E|CS|TAMS 0x000000070dc00000, 0x000000070dc00000| Complete 
| 105|0x000000070de00000, 0x000000070e000000, 0x000000070e000000|100%| E|CS|TAMS 0x000000070de00000, 0x000000070de00000| Complete 
| 106|0x000000070e000000, 0x000000070e200000, 0x000000070e200000|100%| E|CS|TAMS 0x000000070e000000, 0x000000070e000000| Complete 
| 107|0x000000070e200000, 0x000000070e400000, 0x000000070e400000|100%| E|CS|TAMS 0x000000070e200000, 0x000000070e200000| Complete 
| 108|0x000000070e400000, 0x000000070e600000, 0x000000070e600000|100%| E|CS|TAMS 0x000000070e400000, 0x000000070e400000| Complete 
| 109|0x000000070e600000, 0x000000070e800000, 0x000000070e800000|100%| E|CS|TAMS 0x000000070e600000, 0x000000070e600000| Complete 
| 110|0x000000070e800000, 0x000000070ea00000, 0x000000070ea00000|100%| E|CS|TAMS 0x000000070e800000, 0x000000070e800000| Complete 
| 111|0x000000070ea00000, 0x000000070ec00000, 0x000000070ec00000|100%| E|CS|TAMS 0x000000070ea00000, 0x000000070ea00000| Complete 
| 112|0x000000070ec00000, 0x000000070ee00000, 0x000000070ee00000|100%| E|CS|TAMS 0x000000070ec00000, 0x000000070ec00000| Complete 
| 113|0x000000070ee00000, 0x000000070f000000, 0x000000070f000000|100%| E|CS|TAMS 0x000000070ee00000, 0x000000070ee00000| Complete 
| 114|0x000000070f000000, 0x000000070f200000, 0x000000070f200000|100%| E|CS|TAMS 0x000000070f000000, 0x000000070f000000| Complete 
| 115|0x000000070f200000, 0x000000070f400000, 0x000000070f400000|100%| E|CS|TAMS 0x000000070f200000, 0x000000070f200000| Complete 
| 116|0x000000070f400000, 0x000000070f600000, 0x000000070f600000|100%| E|CS|TAMS 0x000000070f400000, 0x000000070f400000| Complete 
| 117|0x000000070f600000, 0x000000070f800000, 0x000000070f800000|100%| E|CS|TAMS 0x000000070f600000, 0x000000070f600000| Complete 
| 118|0x000000070f800000, 0x000000070fa00000, 0x000000070fa00000|100%| E|CS|TAMS 0x000000070f800000, 0x000000070f800000| Complete 
| 119|0x000000070fa00000, 0x000000070fc00000, 0x000000070fc00000|100%| E|CS|TAMS 0x000000070fa00000, 0x000000070fa00000| Complete 
| 120|0x000000070fc00000, 0x000000070fe00000, 0x000000070fe00000|100%| E|CS|TAMS 0x000000070fc00000, 0x000000070fc00000| Complete 
| 121|0x000000070fe00000, 0x0000000710000000, 0x0000000710000000|100%| E|CS|TAMS 0x000000070fe00000, 0x000000070fe00000| Complete 
| 122|0x0000000710000000, 0x0000000710200000, 0x0000000710200000|100%| E|CS|TAMS 0x0000000710000000, 0x0000000710000000| Complete 
| 123|0x0000000710200000, 0x0000000710400000, 0x0000000710400000|100%| E|CS|TAMS 0x0000000710200000, 0x0000000710200000| Complete 
| 124|0x0000000710400000, 0x0000000710600000, 0x0000000710600000|100%| E|CS|TAMS 0x0000000710400000, 0x0000000710400000| Complete 
| 125|0x0000000710600000, 0x0000000710800000, 0x0000000710800000|100%| E|CS|TAMS 0x0000000710600000, 0x0000000710600000| Complete 
| 126|0x0000000710800000, 0x0000000710a00000, 0x0000000710a00000|100%| E|CS|TAMS 0x0000000710800000, 0x0000000710800000| Complete 
| 127|0x0000000710a00000, 0x0000000710c00000, 0x0000000710c00000|100%| E|CS|TAMS 0x0000000710a00000, 0x0000000710a00000| Complete 

Card table byte_map: [0x0000021f17150000,0x0000021f17950000] _byte_map_base: 0x0000021f1394a000

Marking Bits (Prev, Next): (CMBitMap*) 0x0000021f7cbf4060, (CMBitMap*) 0x0000021f7cbf40a0
 Prev Bits: [0x0000021f18150000, 0x0000021f1c120000)
 Next Bits: [0x0000021f1c120000, 0x0000021f200f0000)

Polling page: 0x0000021f7cc80000

Metaspace:

Usage:
  Non-class:      8.29 MB capacity,     8.12 MB ( 98%) used,   164.54 KB (  2%) free+waste,    14.12 KB ( <1%) overhead. 
      Class:    983.00 KB capacity,   927.79 KB ( 94%) used,    49.21 KB (  5%) free+waste,     6.00 KB ( <1%) overhead. 
       Both:      9.25 MB capacity,     9.02 MB ( 98%) used,   213.75 KB (  2%) free+waste,    20.12 KB ( <1%) overhead. 

Virtual space:
  Non-class space:       10.00 MB reserved,       8.50 MB ( 85%) committed 
      Class space:        1.00 GB reserved,       1.00 MB ( <1%) committed 
             Both:        1.01 GB reserved,       9.50 MB ( <1%) committed 

Chunk freelists:
   Non-Class:  21.00 KB
       Class:  9.00 KB
        Both:  30.00 KB

MaxMetaspaceSize: 17179869184.00 GB
CompressedClassSpaceSize: 1.00 GB

CodeHeap 'non-profiled nmethods': size=119168Kb used=1318Kb max_used=1318Kb free=117849Kb
 bounds [0x0000021f0fcf0000, 0x0000021f0ff60000, 0x0000021f17150000]
CodeHeap 'profiled nmethods': size=119104Kb used=3392Kb max_used=3392Kb free=115712Kb
 bounds [0x0000021f088a0000, 0x0000021f08bf0000, 0x0000021f0fcf0000]
CodeHeap 'non-nmethods': size=7488Kb used=1272Kb max_used=2304Kb free=6215Kb
 bounds [0x0000021f08150000, 0x0000021f083c0000, 0x0000021f088a0000]
 total_blobs=2501 nmethods=1940 adapters=474
 compilation: enabled
              stopped_count=0, restarted_count=0
 full_count=0

Compilation events (20 events):
Event: 11.411 Thread 0x0000021f22e89760 1930       3       sun.java2d.pipe.BufferedContext::setSurfaces (49 bytes)
Event: 11.411 Thread 0x0000021f22e89760 nmethod 1930 0x0000021f08becc10 code [0x0000021f08bece40, 0x0000021f08bed5c8]
Event: 11.411 Thread 0x0000021f22e89760 1934       3       javax.swing.SwingUtilities::getWindowAncestor (31 bytes)
Event: 11.412 Thread 0x0000021f22e89760 nmethod 1934 0x0000021f08bed910 code [0x0000021f08bedae0, 0x0000021f08bee058]
Event: 11.412 Thread 0x0000021f22e89760 1933       3       jdk.internal.misc.Unsafe::putFloat (8 bytes)
Event: 11.412 Thread 0x0000021f22e89760 nmethod 1933 0x0000021f08bee190 code [0x0000021f08bee320, 0x0000021f08bee438]
Event: 11.428 Thread 0x0000021f22e89760 1935       3       sun.java2d.d3d.D3DBlitLoops::enqueueBlit (102 bytes)
Event: 11.429 Thread 0x0000021f22e89760 nmethod 1935 0x0000021f08bee510 code [0x0000021f08bee7a0, 0x0000021f08bef118]
Event: 11.429 Thread 0x0000021f22e89760 1936  s    3       javax.swing.RepaintManager::isPaintingThread (16 bytes)
Event: 11.429 Thread 0x0000021f22e89760 nmethod 1936 0x0000021f08bef790 code [0x0000021f08bef920, 0x0000021f08befb58]
Event: 11.492 Thread 0x0000021f22e856c0 1937 %     4       visualizer.GameWindow::paintComponent @ 63 (350 bytes)
Event: 11.517 Thread 0x0000021f22e856c0 nmethod 1937% 0x0000021f0fe35e90 code [0x0000021f0fe36160, 0x0000021f0fe37480]
Event: 11.692 Thread 0x0000021f22e856c0 1938       4       sun.java2d.SunGraphics2D::validateColor (102 bytes)
Event: 11.694 Thread 0x0000021f22e856c0 nmethod 1938 0x0000021f0fe38810 code [0x0000021f0fe389a0, 0x0000021f0fe38ab8]
Event: 11.709 Thread 0x0000021f22e856c0 1939       4       sun.awt.AWTAutoShutdown::notifyToolkitThreadBusy (8 bytes)
Event: 11.711 Thread 0x0000021f22e856c0 nmethod 1939 0x0000021f0fe38c10 code [0x0000021f0fe38da0, 0x0000021f0fe39178]
Event: 11.711 Thread 0x0000021f22e856c0 1940       4       sun.awt.AWTAutoShutdown::notifyToolkitThreadFree (8 bytes)
Event: 11.714 Thread 0x0000021f22e856c0 nmethod 1940 0x0000021f0fe39410 code [0x0000021f0fe395a0, 0x0000021f0fe39958]
Event: 11.727 Thread 0x0000021f22e89760 1941       3       sun.java2d.pipe.Region::getIntersection (21 bytes)
Event: 11.727 Thread 0x0000021f22e89760 nmethod 1941 0x0000021f08befc10 code [0x0000021f08befdc0, 0x0000021f08beff08]

GC Heap History (13 events):
Event: 1.272 GC heap before
{Heap before GC invocations=0 (full 0):
 garbage-first heap   total 262144K, used 20480K [0x0000000700c00000, 0x0000000800000000)
  region size 2048K, 11 young (22528K), 0 survivors (0K)
 Metaspace       used 1990K, capacity 4723K, committed 4864K, reserved 1056768K
  class space    used 192K, capacity 448K, committed 512K, reserved 1048576K
}
Event: 1.278 GC heap after
{Heap after GC invocations=1 (full 0):
 garbage-first heap   total 262144K, used 5207K [0x0000000700c00000, 0x0000000800000000)
  region size 2048K, 2 young (4096K), 2 survivors (4096K)
 Metaspace       used 1990K, capacity 4723K, committed 4864K, reserved 1056768K
  class space    used 192K, capacity 448K, committed 512K, reserved 1048576K
}
Event: 2.158 GC heap before
{Heap before GC invocations=1 (full 0):
 garbage-first heap   total 262144K, used 56407K [0x0000000700c00000, 0x0000000800000000)
  region size 2048K, 14 young (28672K), 2 survivors (4096K)
 Metaspace       used 8549K, capacity 8674K, committed 8960K, reserved 1056768K
  class space    used 906K, capacity 951K, committed 1024K, reserved 1048576K
}
Event: 2.162 GC heap after
{Heap after GC invocations=2 (full 0):
 garbage-first heap   total 262144K, used 37410K [0x0000000700c00000, 0x0000000800000000)
  region size 2048K, 2 young (4096K), 2 survivors (4096K)
 Metaspace       used 8549K, capacity 8674K, committed 8960K, reserved 1056768K
  class space    used 906K, capacity 951K, committed 1024K, reserved 1048576K
}
Event: 2.396 GC heap before
{Heap before GC invocations=2 (full 0):
 garbage-first heap   total 262144K, used 70178K [0x0000000700c00000, 0x0000000800000000)
  region size 2048K, 19 young (38912K), 2 survivors (4096K)
 Metaspace       used 8625K, capacity 8802K, committed 8960K, reserved 1056768K
  class space    used 908K, capacity 951K, committed 1024K, reserved 1048576K
}
Event: 2.399 GC heap after
{Heap after GC invocations=3 (full 0):
 garbage-first heap   total 262144K, used 37909K [0x0000000700c00000, 0x0000000800000000)
  region size 2048K, 1 young (2048K), 1 survivors (2048K)
 Metaspace       used 8625K, capacity 8802K, committed 8960K, reserved 1056768K
  class space    used 908K, capacity 951K, committed 1024K, reserved 1048576K
}
Event: 5.155 GC heap before
{Heap before GC invocations=3 (full 0):
 garbage-first heap   total 262144K, used 189461K [0x0000000700c00000, 0x0000000800000000)
  region size 2048K, 76 young (155648K), 1 survivors (2048K)
 Metaspace       used 9036K, capacity 9282K, committed 9472K, reserved 1058816K
  class space    used 912K, capacity 983K, committed 1024K, reserved 1048576K
}
Event: 5.160 GC heap after
{Heap after GC invocations=4 (full 0):
 garbage-first heap   total 262144K, used 43366K [0x0000000700c00000, 0x0000000800000000)
  region size 2048K, 3 young (6144K), 3 survivors (6144K)
 Metaspace       used 9036K, capacity 9282K, committed 9472K, reserved 1058816K
  class space    used 912K, capacity 983K, committed 1024K, reserved 1048576K
}
Event: 6.791 GC heap before
{Heap before GC invocations=4 (full 0):
 garbage-first heap   total 262144K, used 190822K [0x0000000700c00000, 0x0000000800000000)
  region size 2048K, 76 young (155648K), 3 survivors (6144K)
 Metaspace       used 9167K, capacity 9346K, committed 9472K, reserved 1058816K
  class space    used 927K, capacity 983K, committed 1024K, reserved 1048576K
}
Event: 6.793 GC heap after
{Heap after GC invocations=5 (full 0):
 garbage-first heap   total 262144K, used 43950K [0x0000000700c00000, 0x0000000800000000)
  region size 2048K, 4 young (8192K), 4 survivors (8192K)
 Metaspace       used 9167K, capacity 9346K, committed 9472K, reserved 1058816K
  class space    used 927K, capacity 983K, committed 1024K, reserved 1048576K
}
Event: 8.900 GC heap before
{Heap before GC invocations=5 (full 0):
 garbage-first heap   total 262144K, used 189358K [0x0000000700c00000, 0x0000000800000000)
  region size 2048K, 76 young (155648K), 4 survivors (8192K)
 Metaspace       used 9227K, capacity 9410K, committed 9472K, reserved 1058816K
  class space    used 927K, capacity 983K, committed 1024K, reserved 1048576K
}
Event: 8.904 GC heap after
{Heap after GC invocations=6 (full 0):
 garbage-first heap   total 262144K, used 43958K [0x0000000700c00000, 0x0000000800000000)
  region size 2048K, 4 young (8192K), 4 survivors (8192K)
 Metaspace       used 9227K, capacity 9410K, committed 9472K, reserved 1058816K
  class space    used 927K, capacity 983K, committed 1024K, reserved 1048576K
}
Event: 11.749 GC heap before
{Heap before GC invocations=6 (full 0):
 garbage-first heap   total 262144K, used 189366K [0x0000000700c00000, 0x0000000800000000)
  region size 2048K, 76 young (155648K), 4 survivors (8192K)
 Metaspace       used 9240K, capacity 9474K, committed 9728K, reserved 1058816K
  class space    used 927K, capacity 983K, committed 1024K, reserved 1048576K
}

Deoptimization events (20 events):
Event: 8.034 Thread 0x0000021f2528c0c0 DEOPT PACKING pc=0x0000021f0fe0c0d8 sp=0x000000a8b89fedb0
Event: 8.034 Thread 0x0000021f2528c0c0 DEOPT UNPACKING pc=0x0000021f0819e42f sp=0x000000a8b89fed80 mode 2
Event: 8.034 Thread 0x0000021f2528c0c0 Uncommon trap: trap_request=0xffffff45 fr.pc=0x0000021f0fd3a638 relative=0x00000000000001f8
Event: 8.034 Thread 0x0000021f2528c0c0 Uncommon trap: reason=unstable_if action=reinterpret pc=0x0000021f0fd3a638 method=java.io.ObjectInputStream$HandleTable.markDependency(II)V @ 7 c2
Event: 8.034 Thread 0x0000021f2528c0c0 DEOPT PACKING pc=0x0000021f0fd3a638 sp=0x000000a8b89ff1b0
Event: 8.034 Thread 0x0000021f2528c0c0 DEOPT UNPACKING pc=0x0000021f0819e42f sp=0x000000a8b89ff0c0 mode 2
Event: 8.523 Thread 0x0000021f2528d400 Uncommon trap: trap_request=0xffffff45 fr.pc=0x0000021f0fe29e80 relative=0x0000000000003a60
Event: 8.523 Thread 0x0000021f2528d400 Uncommon trap: reason=unstable_if action=reinterpret pc=0x0000021f0fe29e80 method=java.awt.EventQueue.coalesceMouseEvent(Ljava/awt/event/MouseEvent;)Z @ 24 c2
Event: 8.523 Thread 0x0000021f2528d400 DEOPT PACKING pc=0x0000021f0fe29e80 sp=0x000000a8b88fea40
Event: 8.523 Thread 0x0000021f2528d400 DEOPT UNPACKING pc=0x0000021f0819e42f sp=0x000000a8b88fe808 mode 2
Event: 9.066 Thread 0x0000021f2528d400 Uncommon trap: trap_request=0xffffff45 fr.pc=0x0000021f0fdba9d4 relative=0x00000000000000b4
Event: 9.066 Thread 0x0000021f2528d400 Uncommon trap: reason=unstable_if action=reinterpret pc=0x0000021f0fdba9d4 method=java.util.ArrayList$Itr.checkForComodification()V @ 11 c2
Event: 9.066 Thread 0x0000021f2528d400 DEOPT PACKING pc=0x0000021f0fdba9d4 sp=0x000000a8b88fdf40
Event: 9.066 Thread 0x0000021f2528d400 DEOPT UNPACKING pc=0x0000021f0819e42f sp=0x000000a8b88fde78 mode 2
Event: 9.166 Thread 0x0000021f2528c0c0 DEOPT PACKING pc=0x0000021f08bbee20 sp=0x000000a8b89fe2e0
Event: 9.166 Thread 0x0000021f2528c0c0 DEOPT UNPACKING pc=0x0000021f0819e23f sp=0x000000a8b89fd820 mode 0
Event: 9.912 Thread 0x0000021f2528c0c0 DEOPT PACKING pc=0x0000021f08bbbe60 sp=0x000000a8b89fe2b0
Event: 9.912 Thread 0x0000021f2528c0c0 DEOPT UNPACKING pc=0x0000021f0819e23f sp=0x000000a8b89fd820 mode 0
Event: 10.657 Thread 0x0000021f2528c0c0 DEOPT PACKING pc=0x0000021f08bbbe60 sp=0x000000a8b89fe2b0
Event: 10.657 Thread 0x0000021f2528c0c0 DEOPT UNPACKING pc=0x0000021f0819e23f sp=0x000000a8b89fd820 mode 0

Classes unloaded (0 events):
No events

Classes redefined (0 events):
No events

Internal exceptions (20 events):
Event: 0.785 Thread 0x0000021f7cb9f570 Exception <a 'java/lang/NoSuchMethodError'{0x000000070fdbd868}: static LworldObjects/Movable;.<clinit>()V> (0x000000070fdbd868) 
thrown [./open/src/hotspot/share/prims/jni.cpp, line 1204]
Event: 0.791 Thread 0x0000021f7cb9f570 Exception <a 'java/lang/NoSuchMethodError'{0x000000070fdeb8a0}: static LgameLogic/area/HandsArea;.<clinit>()V> (0x000000070fdeb8a0) 
thrown [./open/src/hotspot/share/prims/jni.cpp, line 1204]
Event: 0.792 Thread 0x0000021f7cb9f570 Exception <a 'java/lang/NoSuchMethodError'{0x000000070fdfd710}: static LgameLogic/area/VisibleArea;.<clinit>()V> (0x000000070fdfd710) 
thrown [./open/src/hotspot/share/prims/jni.cpp, line 1204]
Event: 0.795 Thread 0x0000021f7cb9f570 Implicit null exception at 0x0000021f0fd470d3 to 0x0000021f0fd47574
Event: 0.795 Thread 0x0000021f7cb9f570 Implicit null exception at 0x0000021f0fd28d03 to 0x0000021f0fd290d4
Event: 1.785 Thread 0x0000021f7cb9f570 Exception <a 'java/lang/NoSuchMethodError'{0x00000007104f18c0}: 'void java.lang.invoke.DirectMethodHandle$Holder.invokeSpecial(java.lang.Object, java.lang.Object, java.lang.Object)'> (0x00000007104f18c0) 
thrown [./open/src/hotspot/share/interpreter/linkResolver.cpp, line 782]
Event: 1.789 Thread 0x0000021f7cb9f570 Implicit null exception at 0x0000021f0fd0d775 to 0x0000021f0fd0d850
Event: 1.791 Thread 0x0000021f7cb9f570 Exception <a 'java/lang/ClassNotFoundException'{0x0000000710508b18}: sun/awt/resources/spi/awtProvider> (0x0000000710508b18) 
thrown [./open/src/hotspot/share/classfile/systemDictionary.cpp, line 295]
Event: 1.802 Thread 0x0000021f7cb9f570 Exception <a 'java/io/FileNotFoundException'{0x0000000710552ba8}> (0x0000000710552ba8) 
thrown [./open/src/hotspot/share/prims/jni.cpp, line 578]
Event: 1.806 Thread 0x0000021f7cb9f570 Exception <a 'java/io/FileNotFoundException'{0x00000007105fc7a8}> (0x00000007105fc7a8) 
thrown [./open/src/hotspot/share/prims/jni.cpp, line 578]
Event: 2.012 Thread 0x0000021f7cb9f570 Exception <a 'java/lang/NoSuchMethodError'{0x000000070fc513c8}: 'java.lang.Object java.lang.invoke.DirectMethodHandle$Holder.newInvokeSpecial(java.lang.Object, java.lang.Object, java.lang.Object, java.lang.Object, java.lang.Object)'> (0x000000070fc513c8) 
thrown [./open/src/hotspot/share/interpreter/linkResolver.cpp, line 782]
Event: 2.013 Thread 0x0000021f7cb9f570 Exception <a 'java/lang/NoSuchMethodError'{0x000000070fc5ce58}: 'java.lang.Object java.lang.invoke.DirectMethodHandle$Holder.invokeStatic(java.lang.Object, int, java.lang.Object, java.lang.Object, java.lang.Object, java.lang.Object)'> (0x000000070fc5ce58) 
thrown [./open/src/hotspot/share/interpreter/linkResolver.cpp, line 782]
Event: 2.015 Thread 0x0000021f7cb9f570 Exception <a 'java/lang/NoSuchMethodError'{0x000000070fc83368}: 'java.lang.Object java.lang.invoke.DirectMethodHandle$Holder.invokeStatic(java.lang.Object, int, java.lang.Object)'> (0x000000070fc83368) 
thrown [./open/src/hotspot/share/interpreter/linkResolver.cpp, line 782]
Event: 2.029 Thread 0x0000021f7cb9f570 Exception <a 'java/lang/ClassNotFoundException'{0x000000070fd3ba78}: com/sun/swing/internal/plaf/metal/resources/spi/metalProvider> (0x000000070fd3ba78) 
thrown [./open/src/hotspot/share/classfile/systemDictionary.cpp, line 295]
Event: 2.030 Thread 0x0000021f7cb9f570 Exception <a 'java/lang/ClassNotFoundException'{0x000000070fd3fcf8}: com/sun/swing/internal/plaf/basic/resources/spi/basicProvider> (0x000000070fd3fcf8) 
thrown [./open/src/hotspot/share/classfile/systemDictionary.cpp, line 295]
Event: 2.048 Thread 0x0000021f7cb9f570 Exception <a 'java/lang/NoSuchMethodError'{0x000000070fd7a728}: 'void java.lang.invoke.DirectMethodHandle$Holder.invokeStaticInit(java.lang.Object)'> (0x000000070fd7a728) 
thrown [./open/src/hotspot/share/interpreter/linkResolver.cpp, line 782]
Event: 2.073 Thread 0x0000021f2528c0c0 Implicit null exception at 0x0000021f0fd9758e to 0x0000021f0fd976d0
Event: 3.135 Thread 0x0000021f2528c0c0 Implicit null exception at 0x0000021f0fd161ad to 0x0000021f0fd17760
Event: 3.139 Thread 0x0000021f2528c0c0 Implicit null exception at 0x0000021f0fd7779e to 0x0000021f0fd78ef4
Event: 8.034 Thread 0x0000021f2528c0c0 Implicit null exception at 0x0000021f0fe0a1b7 to 0x0000021f0fe0c0b8

Events (20 events):
Event: 6.653 loading class javax/swing/JComponent$IntVector
Event: 6.653 loading class javax/swing/JComponent$IntVector done
Event: 6.653 loading class javax/swing/JInternalFrame
Event: 6.653 loading class javax/swing/JInternalFrame done
Event: 6.653 loading class javax/swing/KeyboardManager
Event: 6.653 loading class javax/swing/KeyboardManager done
Event: 6.653 loading class javax/swing/Popup$HeavyWeightWindow
Event: 6.653 loading class sun/awt/ModalExclude
Event: 6.653 loading class sun/awt/ModalExclude done
Event: 6.653 loading class javax/swing/JWindow
Event: 6.653 loading class javax/swing/JWindow done
Event: 6.653 loading class javax/swing/Popup$HeavyWeightWindow done
Event: 6.791 Executing VM operation: G1CollectForAllocation
Event: 6.793 Executing VM operation: G1CollectForAllocation done
Event: 8.089 Loaded shared library C:\Users\gotom\.jdks\openjdk-15.0.1\bin\java.dll
Event: 8.899 Executing VM operation: G1CollectForAllocation
Event: 8.904 Executing VM operation: G1CollectForAllocation done
Event: 10.912 Executing VM operation: HandshakeAllThreads
Event: 10.912 Executing VM operation: HandshakeAllThreads done
Event: 11.749 Executing VM operation: G1CollectForAllocation


Dynamic libraries:
0x00007ff6dad20000 - 0x00007ff6dad2d000 	C:\Users\gotom\.jdks\openjdk-15.0.1\bin\java.exe
0x00007ffc9af50000 - 0x00007ffc9b145000 	C:\Windows\SYSTEM32\ntdll.dll
0x00007ffc99460000 - 0x00007ffc9951d000 	C:\Windows\System32\KERNEL32.DLL
0x00007ffc98a70000 - 0x00007ffc98d38000 	C:\Windows\System32\KERNELBASE.dll
0x00007ffc98730000 - 0x00007ffc98830000 	C:\Windows\System32\ucrtbase.dll
0x00007ffc960f0000 - 0x00007ffc96108000 	C:\Users\gotom\.jdks\openjdk-15.0.1\bin\jli.dll
0x00007ffc96080000 - 0x00007ffc96099000 	C:\Users\gotom\.jdks\openjdk-15.0.1\bin\VCRUNTIME140.dll
0x00007ffc99e90000 - 0x00007ffc9a030000 	C:\Windows\System32\USER32.dll
0x00007ffc98a40000 - 0x00007ffc98a62000 	C:\Windows\System32\win32u.dll
0x00007ffc97b90000 - 0x00007ffc97e2a000 	C:\Windows\WinSxS\amd64_microsoft.windows.common-controls_6595b64144ccf1df_6.0.19041.844_none_ca00b6081b84eb1d\COMCTL32.dll
0x00007ffc9ae70000 - 0x00007ffc9ae9a000 	C:\Windows\System32\GDI32.dll
0x00007ffc9a380000 - 0x00007ffc9a41e000 	C:\Windows\System32\msvcrt.dll
0x00007ffc98ea0000 - 0x00007ffc98fab000 	C:\Windows\System32\gdi32full.dll
0x00007ffc98690000 - 0x00007ffc9872d000 	C:\Windows\System32\msvcp_win.dll
0x00007ffc9ab00000 - 0x00007ffc9ab30000 	C:\Windows\System32\IMM32.DLL
0x00007ffc98060000 - 0x00007ffc9806c000 	C:\Users\gotom\.jdks\openjdk-15.0.1\bin\vcruntime140_1.dll
0x00007ffc91390000 - 0x00007ffc91421000 	C:\Users\gotom\.jdks\openjdk-15.0.1\bin\msvcp140.dll
0x00007ffc5f4e0000 - 0x00007ffc6003e000 	C:\Users\gotom\.jdks\openjdk-15.0.1\bin\server\jvm.dll
0x00007ffc9adc0000 - 0x00007ffc9ae6c000 	C:\Windows\System32\ADVAPI32.dll
0x00007ffc993c0000 - 0x00007ffc9945b000 	C:\Windows\System32\sechost.dll
0x00007ffc99d40000 - 0x00007ffc99e6b000 	C:\Windows\System32\RPCRT4.dll
0x00007ffc99c80000 - 0x00007ffc99c88000 	C:\Windows\System32\PSAPI.DLL
0x00007ffc91fe0000 - 0x00007ffc91fea000 	C:\Windows\SYSTEM32\VERSION.dll
0x00007ffc96180000 - 0x00007ffc96189000 	C:\Windows\SYSTEM32\WSOCK32.dll
0x00007ffc88ba0000 - 0x00007ffc88bc7000 	C:\Windows\SYSTEM32\WINMM.dll
0x00007ffc9aea0000 - 0x00007ffc9af0b000 	C:\Windows\System32\WS2_32.dll
0x00007ffc95920000 - 0x00007ffc95932000 	C:\Windows\SYSTEM32\kernel.appcore.dll
0x00007ffc98040000 - 0x00007ffc9804a000 	C:\Users\gotom\.jdks\openjdk-15.0.1\bin\jimage.dll
0x00007ffc980c0000 - 0x00007ffc982a4000 	C:\Windows\SYSTEM32\DBGHELP.DLL
0x00007ffc98010000 - 0x00007ffc9803c000 	C:\Windows\SYSTEM32\dbgcore.DLL
0x00007ffc98d70000 - 0x00007ffc98df0000 	C:\Windows\System32\bcryptPrimitives.dll
0x00007ffc960e0000 - 0x00007ffc960ee000 	C:\Users\gotom\.jdks\openjdk-15.0.1\bin\instrument.dll
0x00007ffc95f40000 - 0x00007ffc95f65000 	C:\Users\gotom\.jdks\openjdk-15.0.1\bin\java.dll
0x00007ffc99520000 - 0x00007ffc99c62000 	C:\Windows\System32\SHELL32.dll
0x00007ffc961a0000 - 0x00007ffc96931000 	C:\Windows\SYSTEM32\windows.storage.dll
0x00007ffc98fb0000 - 0x00007ffc99305000 	C:\Windows\System32\combase.dll
0x00007ffc97910000 - 0x00007ffc9793c000 	C:\Windows\SYSTEM32\Wldp.dll
0x00007ffc99c90000 - 0x00007ffc99d3e000 	C:\Windows\System32\SHCORE.dll
0x00007ffc9aaa0000 - 0x00007ffc9aaf5000 	C:\Windows\System32\shlwapi.dll
0x00007ffc985d0000 - 0x00007ffc985ef000 	C:\Windows\SYSTEM32\profapi.dll
0x00007ffc95d90000 - 0x00007ffc95da8000 	C:\Users\gotom\.jdks\openjdk-15.0.1\bin\zip.dll
0x00007ffc95ef0000 - 0x00007ffc95f09000 	C:\Users\gotom\.jdks\openjdk-15.0.1\bin\net.dll
0x00007ffc8c8d0000 - 0x00007ffc8c9db000 	C:\Windows\SYSTEM32\WINHTTP.dll
0x00007ffc97710000 - 0x00007ffc9777a000 	C:\Windows\system32\mswsock.dll
0x00007ffc95db0000 - 0x00007ffc95dc2000 	C:\Users\gotom\.jdks\openjdk-15.0.1\bin\nio.dll
0x00007ffc91d80000 - 0x00007ffc91d9a000 	C:\Program Files\JetBrains\IntelliJ IDEA Community Edition 2020.3.2\bin\breakgen64.dll
0x00007ffc97410000 - 0x00007ffc9744b000 	C:\Windows\SYSTEM32\IPHLPAPI.DLL
0x00007ffc9a240000 - 0x00007ffc9a248000 	C:\Windows\System32\NSI.dll
0x00007ffc91680000 - 0x00007ffc91697000 	C:\Windows\SYSTEM32\dhcpcsvc6.DLL
0x00007ffc91660000 - 0x00007ffc9167d000 	C:\Windows\SYSTEM32\dhcpcsvc.DLL
0x00007ffc97450000 - 0x00007ffc9751c000 	C:\Windows\SYSTEM32\DNSAPI.dll
0x00007ffc6c2b0000 - 0x00007ffc6c42f000 	C:\Users\gotom\.jdks\openjdk-15.0.1\bin\awt.dll
0x00007ffc9a2b0000 - 0x00007ffc9a37d000 	C:\Windows\System32\OLEAUT32.dll
0x00007ffc95370000 - 0x00007ffc95400000 	C:\Windows\SYSTEM32\apphelp.dll
0x00007ffc95740000 - 0x00007ffc9576f000 	C:\Windows\system32\DWMAPI.DLL
0x00007ffc95540000 - 0x00007ffc955de000 	C:\Windows\system32\uxtheme.dll
0x00007ffc6ba90000 - 0x00007ffc6bbb6000 	C:\Windows\system32\opengl32.dll
0x00007ffc937d0000 - 0x00007ffc937fc000 	C:\Windows\SYSTEM32\GLU32.dll
0x00007ffc9a890000 - 0x00007ffc9a9a5000 	C:\Windows\System32\MSCTF.dll
0x00007ffc9a030000 - 0x00007ffc9a15a000 	C:\Windows\System32\ole32.dll
0x00007ffc8e400000 - 0x00007ffc8e5ce000 	C:\Windows\system32\d3d9.dll
0x00007ffc8d420000 - 0x00007ffc8d522000 	C:\Windows\System32\DriverStore\FileRepository\nv_dispi.inf_amd64_1c83a5d7cffd7bff\nvldumdx.dll
0x00007ffc97e30000 - 0x00007ffc97e42000 	C:\Windows\SYSTEM32\msasn1.dll
0x00007ffc90760000 - 0x00007ffc90791000 	C:\Windows\SYSTEM32\cryptnet.dll
0x00007ffc98830000 - 0x00007ffc9898f000 	C:\Windows\System32\CRYPT32.dll
0x00007ffc979b0000 - 0x00007ffc979bc000 	C:\Windows\SYSTEM32\cryptbase.dll
0x00007ffc989e0000 - 0x00007ffc98a40000 	C:\Windows\System32\WINTRUST.DLL
0x00007ffc99e70000 - 0x00007ffc99e8d000 	C:\Windows\System32\imagehlp.dll
0x00007ffc98420000 - 0x00007ffc98438000 	C:\Windows\SYSTEM32\CRYPTSP.dll
0x00007ffc970e0000 - 0x00007ffc97114000 	C:\Windows\system32\rsaenh.dll
0x00007ffc98d40000 - 0x00007ffc98d67000 	C:\Windows\System32\bcrypt.dll
0x00007ffc5cd30000 - 0x00007ffc5e74b000 	C:\Windows\System32\DriverStore\FileRepository\nv_dispi.inf_amd64_1c83a5d7cffd7bff\nvd3dumx.dll
0x00007ffc96950000 - 0x00007ffc96973000 	C:\Windows\SYSTEM32\gpapi.dll
0x00007ffc8d8e0000 - 0x00007ffc8d91b000 	C:\Windows\SYSTEM32\dxcore.dll
0x00007ffc98990000 - 0x00007ffc989de000 	C:\Windows\System32\cfgmgr32.dll
0x00007ffc7c500000 - 0x00007ffc7c585000 	C:\Users\gotom\.jdks\openjdk-15.0.1\bin\freetype.dll
0x00007ffc7b2e0000 - 0x00007ffc7b389000 	C:\Users\gotom\.jdks\openjdk-15.0.1\bin\fontmanager.dll
0x00007ffc87830000 - 0x00007ffc87929000 	C:\Windows\SYSTEM32\textinputframework.dll
0x00007ffc94d00000 - 0x00007ffc9505e000 	C:\Windows\System32\CoreUIComponents.dll
0x00007ffc95060000 - 0x00007ffc95152000 	C:\Windows\System32\CoreMessaging.dll
0x00007ffc983e0000 - 0x00007ffc98413000 	C:\Windows\SYSTEM32\ntmarta.dll
0x00007ffc94630000 - 0x00007ffc94784000 	C:\Windows\SYSTEM32\wintypes.dll

dbghelp: loaded successfully - version: 4.0.5 - missing functions: none
symbol engine: initialized successfully - sym options: 0x614 - pdb path: .;C:\Users\gotom\.jdks\openjdk-15.0.1\bin;C:\Windows\SYSTEM32;C:\Windows\WinSxS\amd64_microsoft.windows.common-controls_6595b64144ccf1df_6.0.19041.844_none_ca00b6081b84eb1d;C:\Users\gotom\.jdks\openjdk-15.0.1\bin\server;C:\Program Files\JetBrains\IntelliJ IDEA Community Edition 2020.3.2\bin;C:\Windows\System32\DriverStore\FileRepository\nv_dispi.inf_amd64_1c83a5d7cffd7bff

VM Arguments:
jvm_args: -javaagent:C:\Program Files\JetBrains\IntelliJ IDEA Community Edition 2020.3.2\lib\idea_rt.jar=58652:C:\Program Files\JetBrains\IntelliJ IDEA Community Edition 2020.3.2\bin -Dfile.encoding=UTF-8 
java_command: LuckyWoodcutter
java_class_path (initial): C:\Users\gotom\Desktop\Lucky-Woodcutter\target\classes
Launcher Type: SUN_STANDARD

[Global flags]
     intx CICompilerCount                          = 12                                        {product} {ergonomic}
     uint ConcGCThreads                            = 3                                         {product} {ergonomic}
     uint G1ConcRefinementThreads                  = 13                                        {product} {ergonomic}
   size_t G1HeapRegionSize                         = 2097152                                   {product} {ergonomic}
    uintx GCDrainStackTargetSize                   = 64                                        {product} {ergonomic}
   size_t InitialHeapSize                          = 268435456                                 {product} {ergonomic}
   size_t MarkStackSize                            = 4194304                                   {product} {ergonomic}
   size_t MaxHeapSize                              = 4282384384                                {product} {ergonomic}
   size_t MaxNewSize                               = 2569011200                                {product} {ergonomic}
   size_t MinHeapDeltaBytes                        = 2097152                                   {product} {ergonomic}
   size_t MinHeapSize                              = 8388608                                   {product} {ergonomic}
    uintx NonNMethodCodeHeapSize                   = 7602480                                {pd product} {ergonomic}
    uintx NonProfiledCodeHeapSize                  = 122027880                              {pd product} {ergonomic}
    uintx ProfiledCodeHeapSize                     = 122027880                              {pd product} {ergonomic}
    uintx ReservedCodeCacheSize                    = 251658240                              {pd product} {ergonomic}
     bool SegmentedCodeCache                       = true                                      {product} {ergonomic}
   size_t SoftMaxHeapSize                          = 4282384384                             {manageable} {ergonomic}
     bool UseCompressedClassPointers               = true                                 {lp64_product} {ergonomic}
     bool UseCompressedOops                        = true                                 {lp64_product} {ergonomic}
     bool UseG1GC                                  = true                                      {product} {ergonomic}
     bool UseLargePagesIndividualAllocation        = false                                  {pd product} {ergonomic}

Logging:
Log output configuration:
 #0: stdout all=warning uptime,level,tags
 #1: stderr all=off uptime,level,tags

Environment Variables:
PATH=C:\Program Files (x86)\Common Files\Oracle\Java\javapath;C:\Program Files\Common Files\Oracle\Java\javapath;C:\Program Files (x86)\NVIDIA Corporation\PhysX\Common;C:\Windows\system32;C:\Windows;C:\Windows\System32\Wbem;C:\Windows\System32\WindowsPowerShell\v1.0\;C:\Windows\System32\OpenSSH\;C:\Program Files\Git\cmd;C:\Users\gotom\.cargo\bin;C:\Users\gotom\AppData\Local\Programs\Python\Python39\Scripts\;C:\Users\gotom\AppData\Local\Programs\Python\Python39\;C:\Users\gotom\AppData\Local\Microsoft\WindowsApps;D:\Programming\PyCharm Community Edition 2020.3\bin;;D:\Programming\IntelliJ IDEA 2020.3\bin;;D:\Programming\Microsoft VS Code\bin;C:\Program Files\JetBrains\IntelliJ IDEA Community Edition 2020.3.2\bin;;D:\Programming\jdk-15.0.2;C:\Users\gotom\.jdks;C:\Program Files\Java\jdk-16;C:\Program Files\Java\jre1.8.0_281;C:\Users\gotom\.cargo\bin;
USERNAME=gotom
OS=Windows_NT
PROCESSOR_IDENTIFIER=AMD64 Family 23 Model 8 Stepping 2, AuthenticAMD



---------------  S Y S T E M  ---------------

OS:
 Windows 10 , 64 bit Build 19041 (10.0.19041.928)
OS uptime: 0 days 12:53 hours

CPU: total 16 (initial active 16) (16 cores per cpu, 2 threads per core) family 23 model 8 stepping 2 microcode 0x0, cmov, cx8, fxsr, mmx, sse, sse2, sse3, ssse3, sse4.1, sse4.2, popcnt, vzeroupper, avx, avx2, aes, clmul, 3dnowpref, lzcnt, sse4a, ht, tsc, tscinvbit, tscinv, bmi1, bmi2, adx, sha, fma, clflush, clflushopt

Memory: 4k page, system-wide physical 16332M (10096M free)
TotalPageFile size 18764M (AvailPageFile size 10912M)
current process WorkingSet (physical memory assigned to process): 262M, peak: 268M
current process commit charge ("private bytes"): 409M, peak: 445M

vm_info: OpenJDK 64-Bit Server VM (15.0.1+9-18) for windows-amd64 JRE (15.0.1+9-18), built on Sep 15 2020 14:39:31 by "mach5one" with unknown MS VC++:1925

END.
