#
# A fatal error has been detected by the Java Runtime Environment:
#
#  Internal Error (./open/src/hotspot/share/runtime/synchronizer.cpp:1915), pid=11636, tid=5596
#  guarantee(dmw.is_neutral()) failed: invariant: header=0xccccccccccc301b0
#
# JRE version: OpenJDK Runtime Environment (15.0.1+9) (build 15.0.1+9-18)
# Java VM: OpenJDK 64-Bit Server VM (15.0.1+9-18, mixed mode, sharing, tiered, compressed oops, g1 gc, windows-amd64)
# No core dump will be written. Minidumps are not enabled by default on client versions of Windows
#
# If you would like to submit a bug report, please visit:
#   https://bugreport.java.com/bugreport/crash.jsp
#

---------------  S U M M A R Y ------------

Command Line: -javaagent:C:\Program Files\JetBrains\IntelliJ IDEA Community Edition 2020.3.2\lib\idea_rt.jar=58664:C:\Program Files\JetBrains\IntelliJ IDEA Community Edition 2020.3.2\bin -Dfile.encoding=UTF-8 network.MultiServer

Host: AMD Ryzen 7 2700X Eight-Core Processor         , 16 cores, 15G,  Windows 10 , 64 bit Build 19041 (10.0.19041.928)
Time: Fri May  7 11:23:50 2021 RTZ 4 (зима) elapsed time: 474.120353 seconds (0d 0h 7m 54s)

---------------  T H R E A D  ---------------

Current thread (0x000001377406e8b0):  JavaThread "main" [_thread_in_vm, id=5596, stack(0x000000159c600000,0x000000159c700000)]

Stack: [0x000000159c600000,0x000000159c700000]
Native frames: (J=compiled Java code, j=interpreted, Vv=VM code, C=native code)
V  [jvm.dll+0x62ae9a]
V  [jvm.dll+0x781389]
V  [jvm.dll+0x782ae3]
V  [jvm.dll+0x7830f7]
V  [jvm.dll+0x2161cc]
V  [jvm.dll+0x6fea13]
V  [jvm.dll+0x6fbf5c]
V  [jvm.dll+0x3ebac8]
C  0x0000013707bd5a4d

Java frames: (J=compiled Java code, j=interpreted, Vv=VM code)
J 611  java.lang.System.identityHashCode(Ljava/lang/Object;)I java.base@15.0.1 (0 bytes) @ 0x0000013707bd59b1 [0x0000013707bd5920+0x0000000000000091]
J 746 c2 java.io.ObjectStreamClass.lookup(Ljava/lang/Class;Z)Ljava/io/ObjectStreamClass; java.base@15.0.1 (334 bytes) @ 0x0000013707bf016c [0x0000013707befde0+0x000000000000038c]
J 743 c2 java.io.ObjectOutputStream.writeObject0(Ljava/lang/Object;Z)V java.base@15.0.1 (620 bytes) @ 0x0000013707bf70ec [0x0000013707bf6fc0+0x000000000000012c]
J 743 c2 java.io.ObjectOutputStream.writeObject0(Ljava/lang/Object;Z)V java.base@15.0.1 (620 bytes) @ 0x0000013707bf7bac [0x0000013707bf6fc0+0x0000000000000bec]
J 751 c2 java.io.ObjectOutputStream.writeObject(Ljava/lang/Object;)V java.base@15.0.1 (38 bytes) @ 0x0000013707bf6a64 [0x0000013707bf6a20+0x0000000000000044]
j  java.util.HashMap.internalWriteEntries(Ljava/io/ObjectOutputStream;)V+58 java.base@15.0.1
j  java.util.HashMap.writeObject(Ljava/io/ObjectOutputStream;)V+24 java.base@15.0.1
v  ~StubRoutines::call_stub
j  jdk.internal.reflect.NativeMethodAccessorImpl.invoke0(Ljava/lang/reflect/Method;Ljava/lang/Object;[Ljava/lang/Object;)Ljava/lang/Object;+0 java.base@15.0.1
j  jdk.internal.reflect.NativeMethodAccessorImpl.invoke(Ljava/lang/Object;[Ljava/lang/Object;)Ljava/lang/Object;+113 java.base@15.0.1
j  jdk.internal.reflect.DelegatingMethodAccessorImpl.invoke(Ljava/lang/Object;[Ljava/lang/Object;)Ljava/lang/Object;+6 java.base@15.0.1
j  java.lang.reflect.Method.invoke(Ljava/lang/Object;[Ljava/lang/Object;)Ljava/lang/Object;+59 java.base@15.0.1
j  java.io.ObjectStreamClass.invokeWriteObject(Ljava/lang/Object;Ljava/io/ObjectOutputStream;)V+24 java.base@15.0.1
j  java.io.ObjectOutputStream.writeSerialData(Ljava/lang/Object;Ljava/io/ObjectStreamClass;)V+119 java.base@15.0.1
j  java.io.ObjectOutputStream.writeOrdinaryObject(Ljava/lang/Object;Ljava/io/ObjectStreamClass;Z)V+158 java.base@15.0.1
j  java.io.ObjectOutputStream.writeObject0(Ljava/lang/Object;Z)V+506 java.base@15.0.1
j  java.io.ObjectOutputStream.defaultWriteFields(Ljava/lang/Object;Ljava/io/ObjectStreamClass;)V+244 java.base@15.0.1
j  java.io.ObjectOutputStream.writeSerialData(Ljava/lang/Object;Ljava/io/ObjectStreamClass;)V+213 java.base@15.0.1
j  java.io.ObjectOutputStream.writeOrdinaryObject(Ljava/lang/Object;Ljava/io/ObjectStreamClass;Z)V+158 java.base@15.0.1
j  java.io.ObjectOutputStream.writeObject0(Ljava/lang/Object;Z)V+506 java.base@15.0.1
j  java.io.ObjectOutputStream.writeObject(Ljava/lang/Object;)V+16 java.base@15.0.1
j  network.Server.<init>(Ljava/net/Socket;)V+54
j  network.MultiServer.main([Ljava/lang/String;)V+38
v  ~StubRoutines::call_stub

---------------  P R O C E S S  ---------------

Threads class SMR info:
_java_thread_list=0x000001371b328110, length=18, elements={
0x000001377406e8b0, 0x000001371ab42090, 0x000001371ab43310, 0x000001371ab62e50,
0x000001371ab65820, 0x000001371ab67d90, 0x000001371ab69220, 0x000001371ab6bef0,
0x000001371ab83220, 0x000001371ac8b980, 0x000001371ad02090, 0x000001371af3e0c0,
0x000001371b37a8c0, 0x000001371b37add0, 0x000001371abf8c60, 0x000001371b326910,
0x000001371b326e20, 0x000001371b327330
}

Java Threads: ( => current thread )
=>0x000001377406e8b0 JavaThread "main" [_thread_in_vm, id=5596, stack(0x000000159c600000,0x000000159c700000)]
  0x000001371ab42090 JavaThread "Reference Handler" daemon [_thread_blocked, id=14172, stack(0x000000159cd00000,0x000000159ce00000)]
  0x000001371ab43310 JavaThread "Finalizer" daemon [_thread_blocked, id=13152, stack(0x000000159ce00000,0x000000159cf00000)]
  0x000001371ab62e50 JavaThread "Signal Dispatcher" daemon [_thread_blocked, id=1252, stack(0x000000159cf00000,0x000000159d000000)]
  0x000001371ab65820 JavaThread "Attach Listener" daemon [_thread_blocked, id=12480, stack(0x000000159d000000,0x000000159d100000)]
  0x000001371ab67d90 JavaThread "Service Thread" daemon [_thread_blocked, id=1488, stack(0x000000159d100000,0x000000159d200000)]
  0x000001371ab69220 JavaThread "C2 CompilerThread0" daemon [_thread_blocked, id=11328, stack(0x000000159d200000,0x000000159d300000)]
  0x000001371ab6bef0 JavaThread "C1 CompilerThread0" daemon [_thread_blocked, id=5340, stack(0x000000159d300000,0x000000159d400000)]
  0x000001371ab83220 JavaThread "Sweeper thread" daemon [_thread_blocked, id=11344, stack(0x000000159d400000,0x000000159d500000)]
  0x000001371ac8b980 JavaThread "Common-Cleaner" daemon [_thread_blocked, id=12708, stack(0x000000159d500000,0x000000159d600000)]
  0x000001371ad02090 JavaThread "Notification Thread" daemon [_thread_blocked, id=4944, stack(0x000000159d800000,0x000000159d900000)]
  0x000001371af3e0c0 JavaThread "Java2D Disposer" daemon [_thread_blocked, id=4844, stack(0x000000159da00000,0x000000159db00000)]
  0x000001371b37a8c0 JavaThread "C1 CompilerThread1" daemon [_thread_blocked, id=8640, stack(0x000000159c300000,0x000000159c400000)]
  0x000001371b37add0 JavaThread "C1 CompilerThread2" daemon [_thread_blocked, id=10808, stack(0x000000159c400000,0x000000159c500000)]
  0x000001371abf8c60 JavaThread "C2 CompilerThread1" daemon [_thread_blocked, id=6808, stack(0x000000159c500000,0x000000159c600000)]
  0x000001371b326910 JavaThread "C2 CompilerThread2" daemon [_thread_blocked, id=120, stack(0x000000159d600000,0x000000159d700000)]
  0x000001371b326e20 JavaThread "C2 CompilerThread3" daemon [_thread_blocked, id=8428, stack(0x000000159d700000,0x000000159d800000)]
  0x000001371b327330 JavaThread "C2 CompilerThread4" daemon [_thread_blocked, id=8044, stack(0x000000159db00000,0x000000159dc00000)]

Other Threads:
  0x000001371a33afe0 VMThread "VM Thread" [stack: 0x000000159cc00000,0x000000159cd00000] [id=6060]
  0x000001371ad031f0 WatcherThread [stack: 0x000000159d900000,0x000000159da00000] [id=12840]
  0x00000137740c3010 GCTaskThread "GC Thread#0" [stack: 0x000000159c700000,0x000000159c800000] [id=1348]
  0x00000137740d40a0 ConcurrentGCThread "G1 Main Marker" [stack: 0x000000159c800000,0x000000159c900000] [id=11384]
  0x00000137740d5430 ConcurrentGCThread "G1 Conc#0" [stack: 0x000000159c900000,0x000000159ca00000] [id=7136]
  0x000001377413fcf0 ConcurrentGCThread "G1 Refine#0" [stack: 0x000000159ca00000,0x000000159cb00000] [id=12420]
  0x0000013774141550 ConcurrentGCThread "G1 Young RemSet Sampling" [stack: 0x000000159cb00000,0x000000159cc00000] [id=3604]

Threads with active compile tasks:

VM state: not at safepoint (normal execution)

VM Mutex/Monitor currently owned by a thread: None

Heap address: 0x0000000700c00000, size: 4084 MB, Compressed Oops mode: Zero based, Oop shift amount: 3
CDS archive(s) mapped at: [0x0000000800000000-0x0000000800b50000-0x0000000800b50000), size 11862016, SharedBaseAddress: 0x0000000800000000, ArchiveRelocationMode: 0.
Compressed class space mapped at: 0x0000000800b50000-0x0000000840b50000, size: 1073741824
Narrow klass base: 0x0000000800000000, Narrow klass shift: 3, Narrow klass range: 0x100000000

GC Precious Log:
 CPUs: 16 total, 16 available
 Memory: 16332M
 Large Page Support: Disabled
 NUMA Support: Disabled
 Compressed Oops: Enabled (Zero based)
 Heap Region Size: 2M
 Heap Min Capacity: 8M
 Heap Initial Capacity: 256M
 Heap Max Capacity: 4084M
 Pre-touch: Disabled
 Parallel Workers: 13
 Concurrent Workers: 3
 Concurrent Refinement Workers: 13
 Periodic GC: Disabled

Heap:
 garbage-first heap   total 262144K, used 28672K [0x0000000700c00000, 0x0000000800000000)
  region size 2048K, 9 young (18432K), 0 survivors (0K)
 Metaspace       used 3516K, capacity 4765K, committed 4864K, reserved 1056768K
  class space    used 331K, capacity 467K, committed 512K, reserved 1048576K

Heap Regions: E=young(eden), S=young(survivor), O=old, HS=humongous(starts), HC=humongous(continues), CS=collection set, F=free, OA=open archive, CA=closed archive, TAMS=top-at-mark-start (previous, next)
|   0|0x0000000700c00000, 0x0000000700e00000, 0x0000000700e00000|100%|HS|  |TAMS 0x0000000700c00000, 0x0000000700c00000| Complete 
|   1|0x0000000700e00000, 0x0000000701000000, 0x0000000701000000|100%|HS|  |TAMS 0x0000000700e00000, 0x0000000700e00000| Complete 
|   2|0x0000000701000000, 0x0000000701200000, 0x0000000701200000|100%|HS|  |TAMS 0x0000000701000000, 0x0000000701000000| Complete 
|   3|0x0000000701200000, 0x0000000701400000, 0x0000000701400000|100%|HS|  |TAMS 0x0000000701200000, 0x0000000701200000| Complete 
|   4|0x0000000701400000, 0x0000000701600000, 0x0000000701600000|100%|HS|  |TAMS 0x0000000701400000, 0x0000000701400000| Complete 
|   5|0x0000000701600000, 0x0000000701800000, 0x0000000701800000|100%|HS|  |TAMS 0x0000000701600000, 0x0000000701600000| Complete 
|   6|0x0000000701800000, 0x0000000701800000, 0x0000000701a00000|  0%| F|  |TAMS 0x0000000701800000, 0x0000000701800000| Untracked 
|   7|0x0000000701a00000, 0x0000000701a00000, 0x0000000701c00000|  0%| F|  |TAMS 0x0000000701a00000, 0x0000000701a00000| Untracked 
|   8|0x0000000701c00000, 0x0000000701c00000, 0x0000000701e00000|  0%| F|  |TAMS 0x0000000701c00000, 0x0000000701c00000| Untracked 
|   9|0x0000000701e00000, 0x0000000701e00000, 0x0000000702000000|  0%| F|  |TAMS 0x0000000701e00000, 0x0000000701e00000| Untracked 
|  10|0x0000000702000000, 0x0000000702000000, 0x0000000702200000|  0%| F|  |TAMS 0x0000000702000000, 0x0000000702000000| Untracked 
|  11|0x0000000702200000, 0x0000000702200000, 0x0000000702400000|  0%| F|  |TAMS 0x0000000702200000, 0x0000000702200000| Untracked 
|  12|0x0000000702400000, 0x0000000702400000, 0x0000000702600000|  0%| F|  |TAMS 0x0000000702400000, 0x0000000702400000| Untracked 
|  13|0x0000000702600000, 0x0000000702600000, 0x0000000702800000|  0%| F|  |TAMS 0x0000000702600000, 0x0000000702600000| Untracked 
|  14|0x0000000702800000, 0x0000000702800000, 0x0000000702a00000|  0%| F|  |TAMS 0x0000000702800000, 0x0000000702800000| Untracked 
|  15|0x0000000702a00000, 0x0000000702a00000, 0x0000000702c00000|  0%| F|  |TAMS 0x0000000702a00000, 0x0000000702a00000| Untracked 
|  16|0x0000000702c00000, 0x0000000702c00000, 0x0000000702e00000|  0%| F|  |TAMS 0x0000000702c00000, 0x0000000702c00000| Untracked 
|  17|0x0000000702e00000, 0x0000000702e00000, 0x0000000703000000|  0%| F|  |TAMS 0x0000000702e00000, 0x0000000702e00000| Untracked 
|  18|0x0000000703000000, 0x0000000703000000, 0x0000000703200000|  0%| F|  |TAMS 0x0000000703000000, 0x0000000703000000| Untracked 
|  19|0x0000000703200000, 0x0000000703200000, 0x0000000703400000|  0%| F|  |TAMS 0x0000000703200000, 0x0000000703200000| Untracked 
|  20|0x0000000703400000, 0x0000000703400000, 0x0000000703600000|  0%| F|  |TAMS 0x0000000703400000, 0x0000000703400000| Untracked 
|  21|0x0000000703600000, 0x0000000703600000, 0x0000000703800000|  0%| F|  |TAMS 0x0000000703600000, 0x0000000703600000| Untracked 
|  22|0x0000000703800000, 0x0000000703800000, 0x0000000703a00000|  0%| F|  |TAMS 0x0000000703800000, 0x0000000703800000| Untracked 
|  23|0x0000000703a00000, 0x0000000703a00000, 0x0000000703c00000|  0%| F|  |TAMS 0x0000000703a00000, 0x0000000703a00000| Untracked 
|  24|0x0000000703c00000, 0x0000000703c00000, 0x0000000703e00000|  0%| F|  |TAMS 0x0000000703c00000, 0x0000000703c00000| Untracked 
|  25|0x0000000703e00000, 0x0000000703e00000, 0x0000000704000000|  0%| F|  |TAMS 0x0000000703e00000, 0x0000000703e00000| Untracked 
|  26|0x0000000704000000, 0x0000000704000000, 0x0000000704200000|  0%| F|  |TAMS 0x0000000704000000, 0x0000000704000000| Untracked 
|  27|0x0000000704200000, 0x0000000704200000, 0x0000000704400000|  0%| F|  |TAMS 0x0000000704200000, 0x0000000704200000| Untracked 
|  28|0x0000000704400000, 0x0000000704400000, 0x0000000704600000|  0%| F|  |TAMS 0x0000000704400000, 0x0000000704400000| Untracked 
|  29|0x0000000704600000, 0x0000000704600000, 0x0000000704800000|  0%| F|  |TAMS 0x0000000704600000, 0x0000000704600000| Untracked 
|  30|0x0000000704800000, 0x0000000704800000, 0x0000000704a00000|  0%| F|  |TAMS 0x0000000704800000, 0x0000000704800000| Untracked 
|  31|0x0000000704a00000, 0x0000000704a00000, 0x0000000704c00000|  0%| F|  |TAMS 0x0000000704a00000, 0x0000000704a00000| Untracked 
|  32|0x0000000704c00000, 0x0000000704c00000, 0x0000000704e00000|  0%| F|  |TAMS 0x0000000704c00000, 0x0000000704c00000| Untracked 
|  33|0x0000000704e00000, 0x0000000704e00000, 0x0000000705000000|  0%| F|  |TAMS 0x0000000704e00000, 0x0000000704e00000| Untracked 
|  34|0x0000000705000000, 0x0000000705000000, 0x0000000705200000|  0%| F|  |TAMS 0x0000000705000000, 0x0000000705000000| Untracked 
|  35|0x0000000705200000, 0x0000000705200000, 0x0000000705400000|  0%| F|  |TAMS 0x0000000705200000, 0x0000000705200000| Untracked 
|  36|0x0000000705400000, 0x0000000705400000, 0x0000000705600000|  0%| F|  |TAMS 0x0000000705400000, 0x0000000705400000| Untracked 
|  37|0x0000000705600000, 0x0000000705600000, 0x0000000705800000|  0%| F|  |TAMS 0x0000000705600000, 0x0000000705600000| Untracked 
|  38|0x0000000705800000, 0x0000000705800000, 0x0000000705a00000|  0%| F|  |TAMS 0x0000000705800000, 0x0000000705800000| Untracked 
|  39|0x0000000705a00000, 0x0000000705a00000, 0x0000000705c00000|  0%| F|  |TAMS 0x0000000705a00000, 0x0000000705a00000| Untracked 
|  40|0x0000000705c00000, 0x0000000705c00000, 0x0000000705e00000|  0%| F|  |TAMS 0x0000000705c00000, 0x0000000705c00000| Untracked 
|  41|0x0000000705e00000, 0x0000000705e00000, 0x0000000706000000|  0%| F|  |TAMS 0x0000000705e00000, 0x0000000705e00000| Untracked 
|  42|0x0000000706000000, 0x0000000706000000, 0x0000000706200000|  0%| F|  |TAMS 0x0000000706000000, 0x0000000706000000| Untracked 
|  43|0x0000000706200000, 0x0000000706200000, 0x0000000706400000|  0%| F|  |TAMS 0x0000000706200000, 0x0000000706200000| Untracked 
|  44|0x0000000706400000, 0x0000000706400000, 0x0000000706600000|  0%| F|  |TAMS 0x0000000706400000, 0x0000000706400000| Untracked 
|  45|0x0000000706600000, 0x0000000706600000, 0x0000000706800000|  0%| F|  |TAMS 0x0000000706600000, 0x0000000706600000| Untracked 
|  46|0x0000000706800000, 0x0000000706800000, 0x0000000706a00000|  0%| F|  |TAMS 0x0000000706800000, 0x0000000706800000| Untracked 
|  47|0x0000000706a00000, 0x0000000706a00000, 0x0000000706c00000|  0%| F|  |TAMS 0x0000000706a00000, 0x0000000706a00000| Untracked 
|  48|0x0000000706c00000, 0x0000000706c00000, 0x0000000706e00000|  0%| F|  |TAMS 0x0000000706c00000, 0x0000000706c00000| Untracked 
|  49|0x0000000706e00000, 0x0000000706e00000, 0x0000000707000000|  0%| F|  |TAMS 0x0000000706e00000, 0x0000000706e00000| Untracked 
|  50|0x0000000707000000, 0x0000000707000000, 0x0000000707200000|  0%| F|  |TAMS 0x0000000707000000, 0x0000000707000000| Untracked 
|  51|0x0000000707200000, 0x0000000707200000, 0x0000000707400000|  0%| F|  |TAMS 0x0000000707200000, 0x0000000707200000| Untracked 
|  52|0x0000000707400000, 0x0000000707400000, 0x0000000707600000|  0%| F|  |TAMS 0x0000000707400000, 0x0000000707400000| Untracked 
|  53|0x0000000707600000, 0x0000000707600000, 0x0000000707800000|  0%| F|  |TAMS 0x0000000707600000, 0x0000000707600000| Untracked 
|  54|0x0000000707800000, 0x0000000707800000, 0x0000000707a00000|  0%| F|  |TAMS 0x0000000707800000, 0x0000000707800000| Untracked 
|  55|0x0000000707a00000, 0x0000000707a00000, 0x0000000707c00000|  0%| F|  |TAMS 0x0000000707a00000, 0x0000000707a00000| Untracked 
|  56|0x0000000707c00000, 0x0000000707c00000, 0x0000000707e00000|  0%| F|  |TAMS 0x0000000707c00000, 0x0000000707c00000| Untracked 
|  57|0x0000000707e00000, 0x0000000707e00000, 0x0000000708000000|  0%| F|  |TAMS 0x0000000707e00000, 0x0000000707e00000| Untracked 
|  58|0x0000000708000000, 0x0000000708000000, 0x0000000708200000|  0%| F|  |TAMS 0x0000000708000000, 0x0000000708000000| Untracked 
|  59|0x0000000708200000, 0x0000000708200000, 0x0000000708400000|  0%| F|  |TAMS 0x0000000708200000, 0x0000000708200000| Untracked 
|  60|0x0000000708400000, 0x0000000708400000, 0x0000000708600000|  0%| F|  |TAMS 0x0000000708400000, 0x0000000708400000| Untracked 
|  61|0x0000000708600000, 0x0000000708600000, 0x0000000708800000|  0%| F|  |TAMS 0x0000000708600000, 0x0000000708600000| Untracked 
|  62|0x0000000708800000, 0x0000000708800000, 0x0000000708a00000|  0%| F|  |TAMS 0x0000000708800000, 0x0000000708800000| Untracked 
|  63|0x0000000708a00000, 0x0000000708a00000, 0x0000000708c00000|  0%| F|  |TAMS 0x0000000708a00000, 0x0000000708a00000| Untracked 
|  64|0x0000000708c00000, 0x0000000708c00000, 0x0000000708e00000|  0%| F|  |TAMS 0x0000000708c00000, 0x0000000708c00000| Untracked 
|  65|0x0000000708e00000, 0x0000000708e00000, 0x0000000709000000|  0%| F|  |TAMS 0x0000000708e00000, 0x0000000708e00000| Untracked 
|  66|0x0000000709000000, 0x0000000709000000, 0x0000000709200000|  0%| F|  |TAMS 0x0000000709000000, 0x0000000709000000| Untracked 
|  67|0x0000000709200000, 0x0000000709200000, 0x0000000709400000|  0%| F|  |TAMS 0x0000000709200000, 0x0000000709200000| Untracked 
|  68|0x0000000709400000, 0x0000000709400000, 0x0000000709600000|  0%| F|  |TAMS 0x0000000709400000, 0x0000000709400000| Untracked 
|  69|0x0000000709600000, 0x0000000709600000, 0x0000000709800000|  0%| F|  |TAMS 0x0000000709600000, 0x0000000709600000| Untracked 
|  70|0x0000000709800000, 0x0000000709800000, 0x0000000709a00000|  0%| F|  |TAMS 0x0000000709800000, 0x0000000709800000| Untracked 
|  71|0x0000000709a00000, 0x0000000709a00000, 0x0000000709c00000|  0%| F|  |TAMS 0x0000000709a00000, 0x0000000709a00000| Untracked 
|  72|0x0000000709c00000, 0x0000000709c00000, 0x0000000709e00000|  0%| F|  |TAMS 0x0000000709c00000, 0x0000000709c00000| Untracked 
|  73|0x0000000709e00000, 0x0000000709e00000, 0x000000070a000000|  0%| F|  |TAMS 0x0000000709e00000, 0x0000000709e00000| Untracked 
|  74|0x000000070a000000, 0x000000070a000000, 0x000000070a200000|  0%| F|  |TAMS 0x000000070a000000, 0x000000070a000000| Untracked 
|  75|0x000000070a200000, 0x000000070a200000, 0x000000070a400000|  0%| F|  |TAMS 0x000000070a200000, 0x000000070a200000| Untracked 
|  76|0x000000070a400000, 0x000000070a400000, 0x000000070a600000|  0%| F|  |TAMS 0x000000070a400000, 0x000000070a400000| Untracked 
|  77|0x000000070a600000, 0x000000070a600000, 0x000000070a800000|  0%| F|  |TAMS 0x000000070a600000, 0x000000070a600000| Untracked 
|  78|0x000000070a800000, 0x000000070a800000, 0x000000070aa00000|  0%| F|  |TAMS 0x000000070a800000, 0x000000070a800000| Untracked 
|  79|0x000000070aa00000, 0x000000070aa00000, 0x000000070ac00000|  0%| F|  |TAMS 0x000000070aa00000, 0x000000070aa00000| Untracked 
|  80|0x000000070ac00000, 0x000000070ac00000, 0x000000070ae00000|  0%| F|  |TAMS 0x000000070ac00000, 0x000000070ac00000| Untracked 
|  81|0x000000070ae00000, 0x000000070ae00000, 0x000000070b000000|  0%| F|  |TAMS 0x000000070ae00000, 0x000000070ae00000| Untracked 
|  82|0x000000070b000000, 0x000000070b000000, 0x000000070b200000|  0%| F|  |TAMS 0x000000070b000000, 0x000000070b000000| Untracked 
|  83|0x000000070b200000, 0x000000070b200000, 0x000000070b400000|  0%| F|  |TAMS 0x000000070b200000, 0x000000070b200000| Untracked 
|  84|0x000000070b400000, 0x000000070b400000, 0x000000070b600000|  0%| F|  |TAMS 0x000000070b400000, 0x000000070b400000| Untracked 
|  85|0x000000070b600000, 0x000000070b600000, 0x000000070b800000|  0%| F|  |TAMS 0x000000070b600000, 0x000000070b600000| Untracked 
|  86|0x000000070b800000, 0x000000070b800000, 0x000000070ba00000|  0%| F|  |TAMS 0x000000070b800000, 0x000000070b800000| Untracked 
|  87|0x000000070ba00000, 0x000000070ba00000, 0x000000070bc00000|  0%| F|  |TAMS 0x000000070ba00000, 0x000000070ba00000| Untracked 
|  88|0x000000070bc00000, 0x000000070bc00000, 0x000000070be00000|  0%| F|  |TAMS 0x000000070bc00000, 0x000000070bc00000| Untracked 
|  89|0x000000070be00000, 0x000000070be00000, 0x000000070c000000|  0%| F|  |TAMS 0x000000070be00000, 0x000000070be00000| Untracked 
|  90|0x000000070c000000, 0x000000070c000000, 0x000000070c200000|  0%| F|  |TAMS 0x000000070c000000, 0x000000070c000000| Untracked 
|  91|0x000000070c200000, 0x000000070c200000, 0x000000070c400000|  0%| F|  |TAMS 0x000000070c200000, 0x000000070c200000| Untracked 
|  92|0x000000070c400000, 0x000000070c400000, 0x000000070c600000|  0%| F|  |TAMS 0x000000070c400000, 0x000000070c400000| Untracked 
|  93|0x000000070c600000, 0x000000070c600000, 0x000000070c800000|  0%| F|  |TAMS 0x000000070c600000, 0x000000070c600000| Untracked 
|  94|0x000000070c800000, 0x000000070c800000, 0x000000070ca00000|  0%| F|  |TAMS 0x000000070c800000, 0x000000070c800000| Untracked 
|  95|0x000000070ca00000, 0x000000070ca00000, 0x000000070cc00000|  0%| F|  |TAMS 0x000000070ca00000, 0x000000070ca00000| Untracked 
|  96|0x000000070cc00000, 0x000000070cc00000, 0x000000070ce00000|  0%| F|  |TAMS 0x000000070cc00000, 0x000000070cc00000| Untracked 
|  97|0x000000070ce00000, 0x000000070ce00000, 0x000000070d000000|  0%| F|  |TAMS 0x000000070ce00000, 0x000000070ce00000| Untracked 
|  98|0x000000070d000000, 0x000000070d000000, 0x000000070d200000|  0%| F|  |TAMS 0x000000070d000000, 0x000000070d000000| Untracked 
|  99|0x000000070d200000, 0x000000070d200000, 0x000000070d400000|  0%| F|  |TAMS 0x000000070d200000, 0x000000070d200000| Untracked 
| 100|0x000000070d400000, 0x000000070d400000, 0x000000070d600000|  0%| F|  |TAMS 0x000000070d400000, 0x000000070d400000| Untracked 
| 101|0x000000070d600000, 0x000000070d600000, 0x000000070d800000|  0%| F|  |TAMS 0x000000070d600000, 0x000000070d600000| Untracked 
| 102|0x000000070d800000, 0x000000070d800000, 0x000000070da00000|  0%| F|  |TAMS 0x000000070d800000, 0x000000070d800000| Untracked 
| 103|0x000000070da00000, 0x000000070da00000, 0x000000070dc00000|  0%| F|  |TAMS 0x000000070da00000, 0x000000070da00000| Untracked 
| 104|0x000000070dc00000, 0x000000070dc00000, 0x000000070de00000|  0%| F|  |TAMS 0x000000070dc00000, 0x000000070dc00000| Untracked 
| 105|0x000000070de00000, 0x000000070de00000, 0x000000070e000000|  0%| F|  |TAMS 0x000000070de00000, 0x000000070de00000| Untracked 
| 106|0x000000070e000000, 0x000000070e000000, 0x000000070e200000|  0%| F|  |TAMS 0x000000070e000000, 0x000000070e000000| Untracked 
| 107|0x000000070e200000, 0x000000070e200000, 0x000000070e400000|  0%| F|  |TAMS 0x000000070e200000, 0x000000070e200000| Untracked 
| 108|0x000000070e400000, 0x000000070e400000, 0x000000070e600000|  0%| F|  |TAMS 0x000000070e400000, 0x000000070e400000| Untracked 
| 109|0x000000070e600000, 0x000000070e600000, 0x000000070e800000|  0%| F|  |TAMS 0x000000070e600000, 0x000000070e600000| Untracked 
| 110|0x000000070e800000, 0x000000070e800000, 0x000000070ea00000|  0%| F|  |TAMS 0x000000070e800000, 0x000000070e800000| Untracked 
| 111|0x000000070ea00000, 0x000000070ea00000, 0x000000070ec00000|  0%| F|  |TAMS 0x000000070ea00000, 0x000000070ea00000| Untracked 
| 112|0x000000070ec00000, 0x000000070ec00000, 0x000000070ee00000|  0%| F|  |TAMS 0x000000070ec00000, 0x000000070ec00000| Untracked 
| 113|0x000000070ee00000, 0x000000070ee00000, 0x000000070f000000|  0%| F|  |TAMS 0x000000070ee00000, 0x000000070ee00000| Untracked 
| 114|0x000000070f000000, 0x000000070f000000, 0x000000070f200000|  0%| F|  |TAMS 0x000000070f000000, 0x000000070f000000| Untracked 
| 115|0x000000070f200000, 0x000000070f200000, 0x000000070f400000|  0%| F|  |TAMS 0x000000070f200000, 0x000000070f200000| Untracked 
| 116|0x000000070f400000, 0x000000070f400000, 0x000000070f600000|  0%| F|  |TAMS 0x000000070f400000, 0x000000070f400000| Untracked 
| 117|0x000000070f600000, 0x000000070f600000, 0x000000070f800000|  0%| F|  |TAMS 0x000000070f600000, 0x000000070f600000| Untracked 
| 118|0x000000070f800000, 0x000000070f800000, 0x000000070fa00000|  0%| F|  |TAMS 0x000000070f800000, 0x000000070f800000| Untracked 
| 119|0x000000070fa00000, 0x000000070fc00000, 0x000000070fc00000|100%| E|  |TAMS 0x000000070fa00000, 0x000000070fa00000| Complete 
| 120|0x000000070fc00000, 0x000000070fe00000, 0x000000070fe00000|100%| E|CS|TAMS 0x000000070fc00000, 0x000000070fc00000| Complete 
| 121|0x000000070fe00000, 0x0000000710000000, 0x0000000710000000|100%| E|CS|TAMS 0x000000070fe00000, 0x000000070fe00000| Complete 
| 122|0x0000000710000000, 0x0000000710200000, 0x0000000710200000|100%| E|CS|TAMS 0x0000000710000000, 0x0000000710000000| Complete 
| 123|0x0000000710200000, 0x0000000710400000, 0x0000000710400000|100%| E|CS|TAMS 0x0000000710200000, 0x0000000710200000| Complete 
| 124|0x0000000710400000, 0x0000000710600000, 0x0000000710600000|100%| E|CS|TAMS 0x0000000710400000, 0x0000000710400000| Complete 
| 125|0x0000000710600000, 0x0000000710800000, 0x0000000710800000|100%| E|CS|TAMS 0x0000000710600000, 0x0000000710600000| Complete 
| 126|0x0000000710800000, 0x0000000710a00000, 0x0000000710a00000|100%| E|CS|TAMS 0x0000000710800000, 0x0000000710800000| Complete 
| 127|0x0000000710a00000, 0x0000000710c00000, 0x0000000710c00000|100%| E|CS|TAMS 0x0000000710a00000, 0x0000000710a00000| Complete 

Card table byte_map: [0x000001377f250000,0x000001377fa50000] _byte_map_base: 0x000001377ba4a000

Marking Bits (Prev, Next): (CMBitMap*) 0x00000137740c3800, (CMBitMap*) 0x00000137740c3840
 Prev Bits: [0x000001370f800000, 0x00000137137d0000)
 Next Bits: [0x00000137137d0000, 0x00000137177a0000)

Polling page: 0x0000013774150000

Metaspace:

Usage:
  Non-class:      4.20 MB capacity,     3.11 MB ( 74%) used,     1.08 MB ( 26%) free+waste,     6.12 KB ( <1%) overhead. 
      Class:    467.00 KB capacity,   331.48 KB ( 71%) used,   132.46 KB ( 28%) free+waste,     3.06 KB ( <1%) overhead. 
       Both:      4.65 MB capacity,     3.43 MB ( 74%) used,     1.21 MB ( 26%) free+waste,     9.19 KB ( <1%) overhead. 

Virtual space:
  Non-class space:        8.00 MB reserved,       4.25 MB ( 53%) committed 
      Class space:        1.00 GB reserved,     512.00 KB ( <1%) committed 
             Both:        1.01 GB reserved,       4.75 MB ( <1%) committed 

Chunk freelists:
   Non-Class:  2.00 KB
       Class:  13.00 KB
        Both:  15.00 KB

MaxMetaspaceSize: 17179869184.00 GB
CompressedClassSpaceSize: 1.00 GB

CodeHeap 'non-profiled nmethods': size=119168Kb used=400Kb max_used=400Kb free=118767Kb
 bounds [0x0000013707ba0000, 0x0000013707e10000, 0x000001370f000000]
CodeHeap 'profiled nmethods': size=119104Kb used=1045Kb max_used=1045Kb free=118058Kb
 bounds [0x0000013700750000, 0x00000137009c0000, 0x0000013707ba0000]
CodeHeap 'non-nmethods': size=7488Kb used=2297Kb max_used=2332Kb free=5191Kb
 bounds [0x0000013700000000, 0x0000013700270000, 0x0000013700750000]
 total_blobs=1180 nmethods=751 adapters=340
 compilation: enabled
              stopped_count=0, restarted_count=0
 full_count=0

Compilation events (20 events):
Event: 473.858 Thread 0x000001371b326910  743   !   4       java.io.ObjectOutputStream::writeObject0 (620 bytes)
Event: 473.858 Thread 0x000001371b326e20 nmethod 742 0x0000013707bed310 code [0x0000013707bed4a0, 0x0000013707bed558]
Event: 473.862 Thread 0x000001371ab69220  744   !   4       java.io.ObjectOutputStream::defaultWriteFields (288 bytes)
Event: 473.864 Thread 0x000001371abf8c60  745       4       java.io.ObjectOutputStream$HandleTable::assign (52 bytes)
Event: 473.864 Thread 0x000001371b326e20  746   !   4       java.io.ObjectStreamClass::lookup (334 bytes)
Event: 473.867 Thread 0x000001371b327330 nmethod 736 0x0000013707bed610 code [0x0000013707bed820, 0x0000013707bee5f8]
Event: 473.867 Thread 0x000001371b327330  749   !   4       java.io.ObjectOutputStream::writeSerialData (223 bytes)
Event: 473.869 Thread 0x000001371abf8c60 nmethod 745 0x0000013707bef390 code [0x0000013707bef540, 0x0000013707bef908]
Event: 473.869 Thread 0x000001371abf8c60  747       4       java.io.ObjectOutputStream::writeClassDesc (60 bytes)
Event: 473.874 Thread 0x000001371b326e20 nmethod 746 0x0000013707befc10 code [0x0000013707befde0, 0x0000013707bf05e8]
Event: 473.874 Thread 0x000001371b326e20  748   !   4       java.io.ObjectOutputStream::writeOrdinaryObject (196 bytes)
Event: 473.875 Thread 0x000001371abf8c60 nmethod 747 0x0000013707bf0c10 code [0x0000013707bf0dc0, 0x0000013707bf1168]
Event: 473.875 Thread 0x000001371abf8c60  750       4       java.io.ObjectStreamClass$WeakClassKey::equals (42 bytes)
Event: 473.876 Thread 0x000001371abf8c60 nmethod 750 0x0000013707bf1510 code [0x0000013707bf16a0, 0x0000013707bf1818]
Event: 473.882 Thread 0x000001371ab69220 nmethod 744 0x0000013707bf1990 code [0x0000013707bf1ba0, 0x0000013707bf2b28]
Event: 473.916 Thread 0x000001371b327330 nmethod 749 0x0000013707bf3790 code [0x0000013707bf3a00, 0x0000013707bf5400]
Event: 473.917 Thread 0x000001371ab69220  751   !   4       java.io.ObjectOutputStream::writeObject (38 bytes)
Event: 473.918 Thread 0x000001371ab69220 nmethod 751 0x0000013707bf6890 code [0x0000013707bf6a20, 0x0000013707bf6b38]
Event: 473.956 Thread 0x000001371b326910 nmethod 743 0x0000013707bf6c10 code [0x0000013707bf6fc0, 0x0000013707bfa3f8]
Event: 473.989 Thread 0x000001371b326e20 nmethod 748 0x0000013707bfcd90 code [0x0000013707bfd160, 0x0000013707c01048]

GC Heap History (0 events):
No events

Deoptimization events (20 events):
Event: 0.167 Thread 0x000001377406e8b0 Uncommon trap: trap_request=0xffffff45 fr.pc=0x0000013707bc8850 relative=0x0000000000000230
Event: 0.167 Thread 0x000001377406e8b0 Uncommon trap: reason=unstable_if action=reinterpret pc=0x0000013707bc8850 method=java.util.ArrayList.grow(I)[Ljava/lang/Object; @ 7 c2
Event: 0.167 Thread 0x000001377406e8b0 DEOPT PACKING pc=0x0000013707bc8850 sp=0x000000159c6fcf10
Event: 0.167 Thread 0x000001377406e8b0 DEOPT UNPACKING pc=0x000001370004e42f sp=0x000000159c6fceb0 mode 2
Event: 0.177 Thread 0x000001377406e8b0 Uncommon trap: trap_request=0xffffff45 fr.pc=0x0000013707bc8c10 relative=0x0000000000000070
Event: 0.177 Thread 0x000001377406e8b0 Uncommon trap: reason=unstable_if action=reinterpret pc=0x0000013707bc8c10 method=utils.Point.equals(Ljava/lang/Object;)Z @ 11 c2
Event: 0.177 Thread 0x000001377406e8b0 DEOPT PACKING pc=0x0000013707bc8c10 sp=0x000000159c6fefe0
Event: 0.177 Thread 0x000001377406e8b0 DEOPT UNPACKING pc=0x000001370004e42f sp=0x000000159c6fef70 mode 2
Event: 0.177 Thread 0x000001377406e8b0 Uncommon trap: trap_request=0xffffff45 fr.pc=0x0000013707bc813c relative=0x000000000000039c
Event: 0.177 Thread 0x000001377406e8b0 Uncommon trap: reason=unstable_if action=reinterpret pc=0x0000013707bc813c method=java.util.ArrayList.add(Ljava/lang/Object;[Ljava/lang/Object;I)V @ 3 c2
Event: 0.177 Thread 0x000001377406e8b0 DEOPT PACKING pc=0x0000013707bc813c sp=0x000000159c6ff090
Event: 0.177 Thread 0x000001377406e8b0 DEOPT UNPACKING pc=0x000001370004e42f sp=0x000000159c6fef78 mode 2
Event: 381.507 Thread 0x000001371ad01bc0 Uncommon trap: trap_request=0xffffffc6 fr.pc=0x0000013707bd104c relative=0x000000000000056c
Event: 381.507 Thread 0x000001371ad01bc0 Uncommon trap: reason=bimorphic_or_optimized_type_check action=maybe_recompile pc=0x0000013707bd104c method=java.util.HashMap.getNode(Ljava/lang/Object;)Ljava/util/HashMap$Node; @ 63 c2
Event: 381.507 Thread 0x000001371ad01bc0 DEOPT PACKING pc=0x0000013707bd104c sp=0x000000159d7fe9f0
Event: 381.507 Thread 0x000001371ad01bc0 DEOPT UNPACKING pc=0x000001370004e42f sp=0x000000159d7fe908 mode 2
Event: 473.707 Thread 0x000001377406e8b0 Uncommon trap: trap_request=0xffffff45 fr.pc=0x0000013707bcb540 relative=0x0000000000000a20
Event: 473.707 Thread 0x000001377406e8b0 Uncommon trap: reason=unstable_if action=reinterpret pc=0x0000013707bcb540 method=java.util.HashMap.putVal(ILjava/lang/Object;Ljava/lang/Object;ZZ)Ljava/lang/Object; @ 193 c2
Event: 473.707 Thread 0x000001377406e8b0 DEOPT PACKING pc=0x0000013707bcb540 sp=0x000000159c6fc780
Event: 473.707 Thread 0x000001377406e8b0 DEOPT UNPACKING pc=0x000001370004e42f sp=0x000000159c6fc6c8 mode 2

Classes unloaded (0 events):
No events

Classes redefined (0 events):
No events

Internal exceptions (10 events):
Event: 0.072 Thread 0x000001371ad01bc0 Exception <a 'java/lang/NoSuchMethodError'{0x0000000710808aa8}: 'java.lang.Object java.lang.invoke.DirectMethodHandle$Holder.invokeStatic(java.lang.Object)'> (0x0000000710808aa8) 
thrown [./open/src/hotspot/share/interpreter/linkResolver.cpp, line 782]
Event: 0.073 Thread 0x000001371ad01bc0 Exception <a 'java/lang/NoSuchMethodError'{0x000000071080c3b8}: 'java.lang.Object java.lang.invoke.DirectMethodHandle$Holder.invokeStaticInit(java.lang.Object)'> (0x000000071080c3b8) 
thrown [./open/src/hotspot/share/interpreter/linkResolver.cpp, line 782]
Event: 0.078 Thread 0x000001371ad01bc0 Exception <a 'java/lang/NoSuchMethodError'{0x0000000710819828}: 'void java.lang.invoke.DirectMethodHandle$Holder.invokeStatic(java.lang.Object, java.lang.Object)'> (0x0000000710819828) 
thrown [./open/src/hotspot/share/interpreter/linkResolver.cpp, line 782]
Event: 0.082 Thread 0x000001377406e8b0 Exception <a 'java/lang/NoSuchMethodError'{0x0000000710bdb8e0}: 'void java.lang.invoke.DirectMethodHandle$Holder.invokeSpecial(java.lang.Object, java.lang.Object, java.lang.Object)'> (0x0000000710bdb8e0) 
thrown [./open/src/hotspot/share/interpreter/linkResolver.cpp, line 782]
Event: 0.089 Thread 0x000001377406e8b0 Exception <a 'java/lang/ClassNotFoundException'{0x0000000710bf2ce0}: sun/awt/resources/spi/awtProvider> (0x0000000710bf2ce0) 
thrown [./open/src/hotspot/share/classfile/systemDictionary.cpp, line 295]
Event: 0.105 Thread 0x000001377406e8b0 Exception <a 'java/io/FileNotFoundException'{0x00000007108bb7f0}> (0x00000007108bb7f0) 
thrown [./open/src/hotspot/share/prims/jni.cpp, line 578]
Event: 0.110 Thread 0x000001377406e8b0 Exception <a 'java/io/FileNotFoundException'{0x000000071095af00}> (0x000000071095af00) 
thrown [./open/src/hotspot/share/prims/jni.cpp, line 578]
Event: 473.698 Thread 0x000001377406e8b0 Exception <a 'java/lang/NoSuchMethodError'{0x000000070fd3e9e8}: static LworldObjects/destructibleObject/Tree;.<clinit>()V> (0x000000070fd3e9e8) 
thrown [./open/src/hotspot/share/prims/jni.cpp, line 1204]
Event: 473.703 Thread 0x000001377406e8b0 Exception <a 'java/lang/NoSuchMethodError'{0x000000070fd545e8}: 'void java.lang.invoke.DirectMethodHandle$Holder.invokeStaticInit(java.lang.Object, java.lang.Object)'> (0x000000070fd545e8) 
thrown [./open/src/hotspot/share/interpreter/linkResolver.cpp, line 782]
Event: 473.710 Thread 0x000001377406e8b0 Exception <a 'java/lang/NoSuchMethodError'{0x000000070fd83800}: static LworldObjects/destructibleObject/Boulder;.<clinit>()V> (0x000000070fd83800) 
thrown [./open/src/hotspot/share/prims/jni.cpp, line 1204]

Events (20 events):
Event: 473.708 loading class sun/security/jca/GetInstance$Instance
Event: 473.708 loading class sun/security/jca/GetInstance$Instance done
Event: 473.708 loading class java/security/MessageDigest$Delegate
Event: 473.708 loading class sun/security/util/MessageDigestSpi2
Event: 473.708 loading class sun/security/util/MessageDigestSpi2 done
Event: 473.708 loading class java/security/MessageDigest$Delegate done
Event: 473.708 loading class java/security/MessageDigest$Delegate$CloneableDelegate
Event: 473.709 loading class java/security/MessageDigest$Delegate$CloneableDelegate done
Event: 473.709 loading class sun/security/provider/ByteArrayAccess
Event: 473.709 loading class sun/security/provider/ByteArrayAccess done
Event: 473.709 loading class java/io/ObjectStreamClass$ExceptionInfo
Event: 473.709 loading class java/io/ObjectStreamClass$ExceptionInfo done
Event: 473.717 Thread 0x000001371b37a8c0 Thread added: 0x000001371b37a8c0
Event: 473.717 Thread 0x000001371b37add0 Thread added: 0x000001371b37add0
Event: 473.786 Thread 0x000001371abf8c60 Thread added: 0x000001371abf8c60
Event: 473.791 loading class java/util/concurrent/locks/AbstractQueuedSynchronizer$Node
Event: 473.791 loading class java/util/concurrent/locks/AbstractQueuedSynchronizer$Node done
Event: 473.835 Thread 0x000001371b326910 Thread added: 0x000001371b326910
Event: 473.836 Thread 0x000001371b326e20 Thread added: 0x000001371b326e20
Event: 473.836 Thread 0x000001371b327330 Thread added: 0x000001371b327330


Dynamic libraries:
0x00007ff6dad20000 - 0x00007ff6dad2d000 	C:\Users\gotom\.jdks\openjdk-15.0.1\bin\java.exe
0x00007ffc9af50000 - 0x00007ffc9b145000 	C:\Windows\SYSTEM32\ntdll.dll
0x00007ffc99460000 - 0x00007ffc9951d000 	C:\Windows\System32\KERNEL32.DLL
0x00007ffc98a70000 - 0x00007ffc98d38000 	C:\Windows\System32\KERNELBASE.dll
0x00007ffc98730000 - 0x00007ffc98830000 	C:\Windows\System32\ucrtbase.dll
0x00007ffc96080000 - 0x00007ffc96099000 	C:\Users\gotom\.jdks\openjdk-15.0.1\bin\VCRUNTIME140.dll
0x00007ffc960f0000 - 0x00007ffc96108000 	C:\Users\gotom\.jdks\openjdk-15.0.1\bin\jli.dll
0x00007ffc99e90000 - 0x00007ffc9a030000 	C:\Windows\System32\USER32.dll
0x00007ffc97b90000 - 0x00007ffc97e2a000 	C:\Windows\WinSxS\amd64_microsoft.windows.common-controls_6595b64144ccf1df_6.0.19041.844_none_ca00b6081b84eb1d\COMCTL32.dll
0x00007ffc98a40000 - 0x00007ffc98a62000 	C:\Windows\System32\win32u.dll
0x00007ffc9a380000 - 0x00007ffc9a41e000 	C:\Windows\System32\msvcrt.dll
0x00007ffc9ae70000 - 0x00007ffc9ae9a000 	C:\Windows\System32\GDI32.dll
0x00007ffc98ea0000 - 0x00007ffc98fab000 	C:\Windows\System32\gdi32full.dll
0x00007ffc98690000 - 0x00007ffc9872d000 	C:\Windows\System32\msvcp_win.dll
0x00007ffc9ab00000 - 0x00007ffc9ab30000 	C:\Windows\System32\IMM32.DLL
0x00007ffc98060000 - 0x00007ffc9806c000 	C:\Users\gotom\.jdks\openjdk-15.0.1\bin\vcruntime140_1.dll
0x00007ffc91390000 - 0x00007ffc91421000 	C:\Users\gotom\.jdks\openjdk-15.0.1\bin\msvcp140.dll
0x00007ffc5f4e0000 - 0x00007ffc6003e000 	C:\Users\gotom\.jdks\openjdk-15.0.1\bin\server\jvm.dll
0x00007ffc9adc0000 - 0x00007ffc9ae6c000 	C:\Windows\System32\ADVAPI32.dll
0x00007ffc993c0000 - 0x00007ffc9945b000 	C:\Windows\System32\sechost.dll
0x00007ffc99d40000 - 0x00007ffc99e6b000 	C:\Windows\System32\RPCRT4.dll
0x00007ffc99c80000 - 0x00007ffc99c88000 	C:\Windows\System32\PSAPI.DLL
0x00007ffc91fe0000 - 0x00007ffc91fea000 	C:\Windows\SYSTEM32\VERSION.dll
0x00007ffc96180000 - 0x00007ffc96189000 	C:\Windows\SYSTEM32\WSOCK32.dll
0x00007ffc88ba0000 - 0x00007ffc88bc7000 	C:\Windows\SYSTEM32\WINMM.dll
0x00007ffc9aea0000 - 0x00007ffc9af0b000 	C:\Windows\System32\WS2_32.dll
0x00007ffc95920000 - 0x00007ffc95932000 	C:\Windows\SYSTEM32\kernel.appcore.dll
0x00007ffc98040000 - 0x00007ffc9804a000 	C:\Users\gotom\.jdks\openjdk-15.0.1\bin\jimage.dll
0x00007ffc980c0000 - 0x00007ffc982a4000 	C:\Windows\SYSTEM32\DBGHELP.DLL
0x00007ffc98010000 - 0x00007ffc9803c000 	C:\Windows\SYSTEM32\dbgcore.DLL
0x00007ffc98d70000 - 0x00007ffc98df0000 	C:\Windows\System32\bcryptPrimitives.dll
0x00007ffc960e0000 - 0x00007ffc960ee000 	C:\Users\gotom\.jdks\openjdk-15.0.1\bin\instrument.dll
0x00007ffc95f40000 - 0x00007ffc95f65000 	C:\Users\gotom\.jdks\openjdk-15.0.1\bin\java.dll
0x00007ffc99520000 - 0x00007ffc99c62000 	C:\Windows\System32\SHELL32.dll
0x00007ffc961a0000 - 0x00007ffc96931000 	C:\Windows\SYSTEM32\windows.storage.dll
0x00007ffc98fb0000 - 0x00007ffc99305000 	C:\Windows\System32\combase.dll
0x00007ffc97910000 - 0x00007ffc9793c000 	C:\Windows\SYSTEM32\Wldp.dll
0x00007ffc99c90000 - 0x00007ffc99d3e000 	C:\Windows\System32\SHCORE.dll
0x00007ffc9aaa0000 - 0x00007ffc9aaf5000 	C:\Windows\System32\shlwapi.dll
0x00007ffc985d0000 - 0x00007ffc985ef000 	C:\Windows\SYSTEM32\profapi.dll
0x00007ffc95d90000 - 0x00007ffc95da8000 	C:\Users\gotom\.jdks\openjdk-15.0.1\bin\zip.dll
0x00007ffc95ef0000 - 0x00007ffc95f09000 	C:\Users\gotom\.jdks\openjdk-15.0.1\bin\net.dll
0x00007ffc8c8d0000 - 0x00007ffc8c9db000 	C:\Windows\SYSTEM32\WINHTTP.dll
0x00007ffc97710000 - 0x00007ffc9777a000 	C:\Windows\system32\mswsock.dll
0x00007ffc95db0000 - 0x00007ffc95dc2000 	C:\Users\gotom\.jdks\openjdk-15.0.1\bin\nio.dll
0x00007ffc91d80000 - 0x00007ffc91d9a000 	C:\Program Files\JetBrains\IntelliJ IDEA Community Edition 2020.3.2\bin\breakgen64.dll
0x00007ffc6c2b0000 - 0x00007ffc6c42f000 	C:\Users\gotom\.jdks\openjdk-15.0.1\bin\awt.dll
0x00007ffc9a2b0000 - 0x00007ffc9a37d000 	C:\Windows\System32\OLEAUT32.dll
0x00007ffc95370000 - 0x00007ffc95400000 	C:\Windows\SYSTEM32\apphelp.dll

dbghelp: loaded successfully - version: 4.0.5 - missing functions: none
symbol engine: initialized successfully - sym options: 0x614 - pdb path: .;C:\Users\gotom\.jdks\openjdk-15.0.1\bin;C:\Windows\SYSTEM32;C:\Windows\WinSxS\amd64_microsoft.windows.common-controls_6595b64144ccf1df_6.0.19041.844_none_ca00b6081b84eb1d;C:\Users\gotom\.jdks\openjdk-15.0.1\bin\server;C:\Program Files\JetBrains\IntelliJ IDEA Community Edition 2020.3.2\bin

VM Arguments:
jvm_args: -javaagent:C:\Program Files\JetBrains\IntelliJ IDEA Community Edition 2020.3.2\lib\idea_rt.jar=58664:C:\Program Files\JetBrains\IntelliJ IDEA Community Edition 2020.3.2\bin -Dfile.encoding=UTF-8 
java_command: network.MultiServer
java_class_path (initial): C:\Users\gotom\Desktop\Lucky-Woodcutter\target\classes
Launcher Type: SUN_STANDARD

[Global flags]
     intx CICompilerCount                          = 12                                        {product} {ergonomic}
     uint ConcGCThreads                            = 3                                         {product} {ergonomic}
     uint G1ConcRefinementThreads                  = 13                                        {product} {ergonomic}
   size_t G1HeapRegionSize                         = 2097152                                   {product} {ergonomic}
    uintx GCDrainStackTargetSize                   = 64                                        {product} {ergonomic}
   size_t InitialHeapSize                          = 268435456                                 {product} {ergonomic}
   size_t MarkStackSize                            = 4194304                                   {product} {ergonomic}
   size_t MaxHeapSize                              = 4282384384                                {product} {ergonomic}
   size_t MaxNewSize                               = 2569011200                                {product} {ergonomic}
   size_t MinHeapDeltaBytes                        = 2097152                                   {product} {ergonomic}
   size_t MinHeapSize                              = 8388608                                   {product} {ergonomic}
    uintx NonNMethodCodeHeapSize                   = 7602480                                {pd product} {ergonomic}
    uintx NonProfiledCodeHeapSize                  = 122027880                              {pd product} {ergonomic}
    uintx ProfiledCodeHeapSize                     = 122027880                              {pd product} {ergonomic}
    uintx ReservedCodeCacheSize                    = 251658240                              {pd product} {ergonomic}
     bool SegmentedCodeCache                       = true                                      {product} {ergonomic}
   size_t SoftMaxHeapSize                          = 4282384384                             {manageable} {ergonomic}
     bool UseCompressedClassPointers               = true                                 {lp64_product} {ergonomic}
     bool UseCompressedOops                        = true                                 {lp64_product} {ergonomic}
     bool UseG1GC                                  = true                                      {product} {ergonomic}
     bool UseLargePagesIndividualAllocation        = false                                  {pd product} {ergonomic}

Logging:
Log output configuration:
 #0: stdout all=warning uptime,level,tags
 #1: stderr all=off uptime,level,tags

Environment Variables:
PATH=C:\Program Files (x86)\Common Files\Oracle\Java\javapath;C:\Program Files\Common Files\Oracle\Java\javapath;C:\Program Files (x86)\NVIDIA Corporation\PhysX\Common;C:\Windows\system32;C:\Windows;C:\Windows\System32\Wbem;C:\Windows\System32\WindowsPowerShell\v1.0\;C:\Windows\System32\OpenSSH\;C:\Program Files\Git\cmd;C:\Users\gotom\.cargo\bin;C:\Users\gotom\AppData\Local\Programs\Python\Python39\Scripts\;C:\Users\gotom\AppData\Local\Programs\Python\Python39\;C:\Users\gotom\AppData\Local\Microsoft\WindowsApps;D:\Programming\PyCharm Community Edition 2020.3\bin;;D:\Programming\IntelliJ IDEA 2020.3\bin;;D:\Programming\Microsoft VS Code\bin;C:\Program Files\JetBrains\IntelliJ IDEA Community Edition 2020.3.2\bin;;D:\Programming\jdk-15.0.2;C:\Users\gotom\.jdks;C:\Program Files\Java\jdk-16;C:\Program Files\Java\jre1.8.0_281;C:\Users\gotom\.cargo\bin;
USERNAME=gotom
OS=Windows_NT
PROCESSOR_IDENTIFIER=AMD64 Family 23 Model 8 Stepping 2, AuthenticAMD



---------------  S Y S T E M  ---------------

OS:
 Windows 10 , 64 bit Build 19041 (10.0.19041.928)
OS uptime: 0 days 13:01 hours

CPU: total 16 (initial active 16) (16 cores per cpu, 2 threads per core) family 23 model 8 stepping 2 microcode 0x0, cmov, cx8, fxsr, mmx, sse, sse2, sse3, ssse3, sse4.1, sse4.2, popcnt, vzeroupper, avx, avx2, aes, clmul, 3dnowpref, lzcnt, sse4a, ht, tsc, tscinvbit, tscinv, bmi1, bmi2, adx, sha, fma, clflush, clflushopt

Memory: 4k page, system-wide physical 16332M (10453M free)
TotalPageFile size 18764M (AvailPageFile size 10356M)
current process WorkingSet (physical memory assigned to process): 74M, peak: 77M
current process commit charge ("private bytes"): 372M, peak: 378M

vm_info: OpenJDK 64-Bit Server VM (15.0.1+9-18) for windows-amd64 JRE (15.0.1+9-18), built on Sep 15 2020 14:39:31 by "mach5one" with unknown MS VC++:1925

END.
